TN:
SF:
FNF:0
FNH:0
LF:0
LH:0
BRF:0
BRH:0
end_of_record
TN:
SF:src/components/MessageMarkdown/MessageMarkdown.tsx
FN:38,isBroadcastHandle
FN:54,injectMentionLinks
FN:55,(anonymous_2)
FN:61,MessageMarkdown
FN:69,(anonymous_4)
FN:71,(anonymous_5)
FN:72,(anonymous_6)
FN:112,(anonymous_7)
FN:119,(anonymous_8)
FN:124,(anonymous_9)
FN:139,(anonymous_10)
FNF:11
FNH:9
FNDA:0,isBroadcastHandle
FNDA:122,injectMentionLinks
FNDA:1,(anonymous_2)
FNDA:128,MessageMarkdown
FNDA:122,(anonymous_4)
FNDA:122,(anonymous_5)
FNDA:2,(anonymous_6)
FNDA:1,(anonymous_7)
FNDA:1,(anonymous_8)
FNDA:2,(anonymous_9)
FNDA:0,(anonymous_10)
DA:1,6
DA:32,6
DA:39,0
DA:55,122
DA:56,1
DA:57,1
DA:69,128
DA:71,128
DA:73,2
DA:74,0
DA:75,0
DA:76,0
DA:77,0
DA:93,2
DA:94,0
DA:104,2
DA:113,1
DA:123,1
DA:124,2
DA:125,1
DA:126,1
DA:127,1
DA:128,1
DA:140,0
DA:148,128
DA:150,128
LF:26
LH:19
BRDA:39,0,0,0
BRDA:39,0,1,0
BRDA:69,1,0,122
BRDA:69,1,1,0
BRDA:73,2,0,0
BRDA:73,2,1,2
BRDA:73,3,0,2
BRDA:73,3,1,2
BRDA:76,4,0,0
BRDA:76,4,1,0
BRDA:76,4,2,0
BRDA:81,5,0,0
BRDA:81,5,1,0
BRDA:82,6,0,0
BRDA:82,6,1,0
BRDA:84,7,0,0
BRDA:84,7,1,0
BRDA:84,8,0,0
BRDA:84,8,1,0
BRDA:93,9,0,0
BRDA:93,9,1,2
BRDA:93,10,0,2
BRDA:93,10,1,2
BRDA:93,10,2,1
BRDA:98,11,0,0
BRDA:98,11,1,0
BRDA:98,12,0,0
BRDA:98,12,1,0
BRDA:123,13,0,1
BRDA:123,13,1,0
BRDA:125,14,0,1
BRDA:125,14,1,0
BRDA:126,15,0,0
BRDA:126,15,1,1
BRDA:127,16,0,1
BRDA:127,16,1,0
BRDA:130,17,0,1
BRDA:130,17,1,1
BRDA:148,18,0,0
BRDA:148,18,1,128
BRF:40
BRH:15
end_of_record
TN:
SF:src/hooks/useChannelLazyLoad.ts
FN:23,useChannelLazyLoad
FN:29,(anonymous_1)
FN:34,maybeLoad
FN:88,(anonymous_3)
FN:105,(anonymous_4)
FNF:5
FNH:4
FNDA:99,useChannelLazyLoad
FNDA:96,(anonymous_1)
FNDA:96,maybeLoad
FNDA:0,(anonymous_3)
FNDA:92,(anonymous_4)
DA:1,6
DA:9,6
DA:10,6
DA:27,99
DA:29,99
DA:30,96
DA:31,96
DA:32,96
DA:35,96
DA:36,96
DA:37,96
DA:39,96
DA:40,96
DA:42,96
DA:43,96
DA:44,96
DA:46,96
DA:47,96
DA:48,0
DA:50,0
DA:51,0
DA:58,0
DA:60,0
DA:61,0
DA:68,0
DA:69,0
DA:71,96
DA:72,96
DA:73,0
DA:80,0
DA:83,0
DA:84,0
DA:88,0
DA:89,0
DA:90,0
DA:93,0
DA:95,0
DA:96,0
DA:100,96
DA:103,96
DA:105,96
DA:106,92
LF:42
LH:24
BRDA:31,0,0,0
BRDA:31,0,1,96
BRDA:31,1,0,96
BRDA:31,1,1,96
BRDA:32,2,0,0
BRDA:32,2,1,96
BRDA:35,3,0,0
BRDA:35,3,1,96
BRDA:36,4,0,0
BRDA:36,4,1,96
BRDA:37,5,0,0
BRDA:37,5,1,96
BRDA:40,6,0,0
BRDA:40,6,1,96
BRDA:43,7,0,0
BRDA:43,7,1,96
BRDA:43,8,0,96
BRDA:43,8,1,96
BRDA:44,9,0,0
BRDA:44,9,1,96
BRDA:46,10,0,96
BRDA:46,10,1,96
BRDA:47,11,0,96
BRDA:47,11,1,0
BRDA:69,12,0,0
BRDA:69,12,1,0
BRDA:89,13,0,0
BRDA:89,13,1,0
BRF:28
BRH:15
end_of_record
TN:
SF:src/hooks/useMessageDecryption.ts
FN:43,forgetDecryptFailure
FN:49,placeholderFor
FN:56,tryDecrypt
FN:107,tryEncrypt
FN:128,resolveDisplayName
FN:134,serverToMessage
FN:142,(anonymous_6)
FN:161,(anonymous_7)
FNF:8
FNH:0
FNDA:0,forgetDecryptFailure
FNDA:0,placeholderFor
FNDA:0,tryDecrypt
FNDA:0,tryEncrypt
FNDA:0,resolveDisplayName
FNDA:0,serverToMessage
FNDA:0,(anonymous_6)
FNDA:0,(anonymous_7)
DA:7,6
DA:13,6
DA:14,6
DA:41,6
DA:44,0
DA:45,0
DA:50,0
DA:51,0
DA:53,0
DA:66,0
DA:67,0
DA:70,0
DA:71,0
DA:72,0
DA:74,0
DA:75,0
DA:78,0
DA:79,0
DA:84,0
DA:85,0
DA:86,0
DA:88,0
DA:89,0
DA:90,0
DA:97,0
DA:98,0
DA:99,0
DA:101,0
DA:102,0
DA:103,0
DA:112,0
DA:113,0
DA:114,0
DA:118,0
DA:119,0
DA:121,0
DA:122,0
DA:125,0
DA:129,0
DA:130,0
DA:131,0
DA:139,0
DA:140,0
DA:141,0
DA:142,0
DA:143,0
DA:145,0
DA:147,0
DA:161,0
LF:49
LH:4
BRDA:45,0,0,0
BRDA:45,0,1,0
BRDA:50,1,0,0
BRDA:50,1,1,0
BRDA:50,2,0,0
BRDA:50,2,1,0
BRDA:67,3,0,0
BRDA:67,3,1,0
BRDA:71,4,0,0
BRDA:71,4,1,0
BRDA:78,5,0,0
BRDA:78,5,1,0
BRDA:79,6,0,0
BRDA:79,6,1,0
BRDA:85,7,0,0
BRDA:85,7,1,0
BRDA:85,8,0,0
BRDA:85,8,1,0
BRDA:112,9,0,0
BRDA:112,9,1,0
BRDA:119,10,0,0
BRDA:119,10,1,0
BRDA:122,11,0,0
BRDA:122,11,1,0
BRDA:129,12,0,0
BRDA:129,12,1,0
BRDA:131,13,0,0
BRDA:131,13,1,0
BRDA:131,13,2,0
BRDA:131,13,3,0
BRDA:139,14,0,0
BRDA:139,14,1,0
BRDA:140,15,0,0
BRDA:140,15,1,0
BRDA:143,16,0,0
BRDA:143,16,1,0
BRDA:143,17,0,0
BRDA:143,17,1,0
BRDA:145,18,0,0
BRDA:145,18,1,0
BRDA:151,19,0,0
BRDA:151,19,1,0
BRDA:156,20,0,0
BRDA:156,20,1,0
BRDA:160,21,0,0
BRDA:160,21,1,0
BRDA:163,22,0,0
BRDA:163,22,1,0
BRF:48
BRH:0
end_of_record
TN:
SF:src/hooks/usePermissions.ts
FN:36,resolvePermissions
FN:40,(anonymous_1)
FN:41,(anonymous_2)
FN:46,(anonymous_3)
FN:52,usePermissions
FN:53,(anonymous_5)
FN:54,(anonymous_6)
FNF:7
FNH:2
FNDA:282,resolvePermissions
FNDA:0,(anonymous_1)
FNDA:0,(anonymous_2)
FNDA:7,(anonymous_3)
FNDA:0,usePermissions
FNDA:0,(anonymous_5)
FNDA:0,(anonymous_6)
DA:14,6
DA:15,6
DA:16,6
DA:17,6
DA:18,6
DA:19,6
DA:20,6
DA:21,6
DA:22,6
DA:23,6
DA:40,282
DA:41,282
DA:42,282
DA:43,282
DA:46,7
DA:53,0
DA:54,0
LF:17
LH:15
BRDA:40,0,0,0
BRDA:40,0,1,282
BRDA:41,1,0,282
BRDA:41,1,1,282
BRDA:41,2,0,0
BRDA:41,2,1,0
BRDA:46,3,0,7
BRDA:46,3,1,7
BRDA:53,4,0,0
BRDA:53,4,1,0
BRDA:53,5,0,0
BRDA:53,5,1,0
BRF:12
BRH:5
end_of_record
TN:
SF:src/hooks/useVoiceConnection.ts
FN:5,useVoiceConnection
FN:20,(anonymous_1)
FN:36,(anonymous_2)
FN:38,(anonymous_3)
FN:43,(anonymous_4)
FNF:5
FNH:3
FNDA:94,useVoiceConnection
FNDA:282,(anonymous_1)
FNDA:88,(anonymous_2)
FNDA:0,(anonymous_3)
FNDA:0,(anonymous_4)
DA:1,6
DA:19,94
DA:20,282
DA:36,94
DA:38,94
DA:39,0
DA:43,94
DA:45,94
LF:8
LH:7
BRDA:36,0,0,88
BRDA:36,0,1,0
BRF:2
BRH:1
end_of_record
TN:
SF:src/services/api.ts
FN:21,isSameOriginAsApi
FN:90,(anonymous_1)
FN:94,(anonymous_2)
FN:98,(anonymous_3)
FN:102,(anonymous_4)
FN:109,(anonymous_5)
FN:115,(anonymous_6)
FN:121,(anonymous_7)
FN:162,(anonymous_8)
FN:172,(anonymous_9)
FN:180,(anonymous_10)
FN:191,(anonymous_11)
FN:208,(anonymous_12)
FN:229,(anonymous_13)
FN:253,(anonymous_14)
FN:274,(anonymous_15)
FN:284,(anonymous_16)
FN:289,(anonymous_17)
FN:312,(anonymous_18)
FN:329,(anonymous_19)
FN:335,(anonymous_20)
FN:345,(anonymous_21)
FN:350,(anonymous_22)
FN:355,(anonymous_23)
FN:365,(anonymous_24)
FN:371,(anonymous_25)
FN:382,(anonymous_26)
FN:388,(anonymous_27)
FN:401,(anonymous_28)
FN:416,(anonymous_29)
FN:428,(anonymous_30)
FN:438,(anonymous_31)
FN:447,(anonymous_32)
FN:456,(anonymous_33)
FN:465,(anonymous_34)
FN:477,(anonymous_35)
FN:488,(anonymous_36)
FN:494,(anonymous_37)
FN:508,(anonymous_38)
FN:518,(anonymous_39)
FN:528,(anonymous_40)
FN:539,(anonymous_41)
FN:545,(anonymous_42)
FN:558,(anonymous_43)
FN:572,(anonymous_44)
FN:584,(anonymous_45)
FN:595,(anonymous_46)
FN:609,(anonymous_47)
FN:619,(anonymous_48)
FN:631,(anonymous_49)
FN:645,(anonymous_50)
FN:658,(anonymous_51)
FN:676,(anonymous_52)
FN:687,(anonymous_53)
FN:697,(anonymous_54)
FN:706,(anonymous_55)
FN:716,(anonymous_56)
FN:725,(anonymous_57)
FN:739,(anonymous_58)
FN:754,(anonymous_59)
FN:766,(anonymous_60)
FN:778,(anonymous_61)
FN:790,(anonymous_62)
FN:800,(anonymous_63)
FN:810,(anonymous_64)
FN:824,(anonymous_65)
FN:835,(anonymous_66)
FN:853,(anonymous_67)
FN:867,(anonymous_68)
FN:879,(anonymous_69)
FN:893,(anonymous_70)
FN:903,(anonymous_71)
FN:909,(anonymous_72)
FN:915,(anonymous_73)
FN:925,(anonymous_74)
FN:937,(anonymous_75)
FN:947,(anonymous_76)
FN:957,(anonymous_77)
FN:967,(anonymous_78)
FN:978,(anonymous_79)
FN:993,(anonymous_80)
FN:1004,(anonymous_81)
FN:1015,(anonymous_82)
FN:1025,(anonymous_83)
FN:1035,(anonymous_84)
FN:1055,(anonymous_85)
FN:1065,(anonymous_86)
FN:1075,(anonymous_87)
FN:1086,(anonymous_88)
FN:1111,(anonymous_89)
FN:1116,(anonymous_90)
FN:1127,(anonymous_91)
FN:1157,(anonymous_92)
FN:1167,(anonymous_93)
FN:1183,(anonymous_94)
FN:1195,(anonymous_95)
FN:1206,(anonymous_96)
FN:1215,(anonymous_97)
FN:1233,(anonymous_98)
FN:1268,(anonymous_99)
FN:1292,enableMockApi
FNF:101
FNH:2
FNDA:0,isSameOriginAsApi
FNDA:0,(anonymous_1)
FNDA:0,(anonymous_2)
FNDA:0,(anonymous_3)
FNDA:0,(anonymous_4)
FNDA:3,(anonymous_5)
FNDA:0,(anonymous_6)
FNDA:0,(anonymous_7)
FNDA:0,(anonymous_8)
FNDA:0,(anonymous_9)
FNDA:0,(anonymous_10)
FNDA:0,(anonymous_11)
FNDA:0,(anonymous_12)
FNDA:0,(anonymous_13)
FNDA:0,(anonymous_14)
FNDA:0,(anonymous_15)
FNDA:0,(anonymous_16)
FNDA:0,(anonymous_17)
FNDA:0,(anonymous_18)
FNDA:0,(anonymous_19)
FNDA:0,(anonymous_20)
FNDA:0,(anonymous_21)
FNDA:0,(anonymous_22)
FNDA:0,(anonymous_23)
FNDA:0,(anonymous_24)
FNDA:0,(anonymous_25)
FNDA:0,(anonymous_26)
FNDA:0,(anonymous_27)
FNDA:0,(anonymous_28)
FNDA:0,(anonymous_29)
FNDA:0,(anonymous_30)
FNDA:0,(anonymous_31)
FNDA:0,(anonymous_32)
FNDA:0,(anonymous_33)
FNDA:0,(anonymous_34)
FNDA:0,(anonymous_35)
FNDA:0,(anonymous_36)
FNDA:0,(anonymous_37)
FNDA:0,(anonymous_38)
FNDA:0,(anonymous_39)
FNDA:0,(anonymous_40)
FNDA:0,(anonymous_41)
FNDA:0,(anonymous_42)
FNDA:0,(anonymous_43)
FNDA:0,(anonymous_44)
FNDA:0,(anonymous_45)
FNDA:0,(anonymous_46)
FNDA:0,(anonymous_47)
FNDA:0,(anonymous_48)
FNDA:0,(anonymous_49)
FNDA:0,(anonymous_50)
FNDA:0,(anonymous_51)
FNDA:0,(anonymous_52)
FNDA:0,(anonymous_53)
FNDA:0,(anonymous_54)
FNDA:0,(anonymous_55)
FNDA:0,(anonymous_56)
FNDA:0,(anonymous_57)
FNDA:0,(anonymous_58)
FNDA:0,(anonymous_59)
FNDA:0,(anonymous_60)
FNDA:0,(anonymous_61)
FNDA:0,(anonymous_62)
FNDA:0,(anonymous_63)
FNDA:0,(anonymous_64)
FNDA:0,(anonymous_65)
FNDA:0,(anonymous_66)
FNDA:0,(anonymous_67)
FNDA:0,(anonymous_68)
FNDA:0,(anonymous_69)
FNDA:3,(anonymous_70)
FNDA:0,(anonymous_71)
FNDA:0,(anonymous_72)
FNDA:0,(anonymous_73)
FNDA:0,(anonymous_74)
FNDA:0,(anonymous_75)
FNDA:0,(anonymous_76)
FNDA:0,(anonymous_77)
FNDA:0,(anonymous_78)
FNDA:0,(anonymous_79)
FNDA:0,(anonymous_80)
FNDA:0,(anonymous_81)
FNDA:0,(anonymous_82)
FNDA:0,(anonymous_83)
FNDA:0,(anonymous_84)
FNDA:0,(anonymous_85)
FNDA:0,(anonymous_86)
FNDA:0,(anonymous_87)
FNDA:0,(anonymous_88)
FNDA:0,(anonymous_89)
FNDA:0,(anonymous_90)
FNDA:0,(anonymous_91)
FNDA:0,(anonymous_92)
FNDA:0,(anonymous_93)
FNDA:0,(anonymous_94)
FNDA:0,(anonymous_95)
FNDA:0,(anonymous_96)
FNDA:0,(anonymous_97)
FNDA:0,(anonymous_98)
FNDA:0,(anonymous_99)
FNDA:0,enableMockApi
DA:22,0
DA:23,0
DA:24,0
DA:28,0
DA:29,0
DA:33,0
DA:34,0
DA:35,0
DA:37,0
DA:87,6
DA:88,6
DA:91,0
DA:95,0
DA:99,0
DA:103,0
DA:104,0
DA:105,0
DA:110,3
DA:111,3
DA:112,0
DA:116,0
DA:117,0
DA:118,0
DA:127,0
DA:137,0
DA:138,0
DA:142,0
DA:143,0
DA:147,0
DA:148,0
DA:150,0
DA:151,0
DA:152,0
DA:153,0
DA:154,0
DA:156,0
DA:158,0
DA:163,0
DA:164,0
DA:165,0
DA:166,0
DA:168,0
DA:173,0
DA:174,0
DA:176,0
DA:184,0
DA:185,0
DA:197,0
DA:198,0
DA:216,0
DA:217,0
DA:238,0
DA:239,0
DA:254,0
DA:255,0
DA:258,0
DA:275,0
DA:276,0
DA:277,0
DA:279,0
DA:285,0
DA:286,0
DA:302,0
DA:308,0
DA:317,0
DA:318,0
DA:330,0
DA:331,0
DA:332,0
DA:336,0
DA:337,0
DA:346,0
DA:351,0
DA:352,0
DA:356,0
DA:362,0
DA:366,0
DA:367,0
DA:368,0
DA:372,0
DA:373,0
DA:383,0
DA:384,0
DA:385,0
DA:392,0
DA:393,0
DA:406,0
DA:407,0
DA:417,0
DA:418,0
DA:429,0
DA:430,0
DA:436,0
DA:439,0
DA:440,0
DA:448,0
DA:449,0
DA:457,0
DA:458,0
DA:466,0
DA:467,0
DA:468,0
DA:469,0
DA:478,0
DA:479,0
DA:489,0
DA:490,0
DA:491,0
DA:499,0
DA:500,0
DA:509,0
DA:510,0
DA:519,0
DA:520,0
DA:529,0
DA:530,0
DA:540,0
DA:541,0
DA:542,0
DA:549,0
DA:550,0
DA:563,0
DA:564,0
DA:573,0
DA:574,0
DA:585,0
DA:586,0
DA:592,0
DA:600,0
DA:601,0
DA:610,0
DA:611,0
DA:620,0
DA:621,0
DA:632,0
DA:633,0
DA:646,0
DA:647,0
DA:659,0
DA:660,0
DA:666,0
DA:667,0
DA:668,0
DA:670,0
DA:677,0
DA:678,0
DA:688,0
DA:689,0
DA:695,0
DA:698,0
DA:699,0
DA:707,0
DA:708,0
DA:717,0
DA:718,0
DA:726,0
DA:727,0
DA:740,0
DA:741,0
DA:742,0
DA:755,0
DA:756,0
DA:767,0
DA:768,0
DA:779,0
DA:780,0
DA:791,0
DA:792,0
DA:801,0
DA:802,0
DA:811,0
DA:812,0
DA:813,0
DA:819,0
DA:825,0
DA:826,0
DA:841,0
DA:842,0
DA:843,0
DA:844,0
DA:845,0
DA:846,0
DA:847,0
DA:848,0
DA:849,0
DA:858,0
DA:859,0
DA:870,0
DA:871,0
DA:883,0
DA:884,0
DA:894,3
DA:895,3
DA:904,0
DA:905,0
DA:906,0
DA:910,0
DA:911,0
DA:912,0
DA:916,0
DA:917,0
DA:926,0
DA:927,0
DA:928,0
DA:929,0
DA:930,0
DA:931,0
DA:932,0
DA:933,0
DA:934,0
DA:938,0
DA:939,0
DA:948,0
DA:949,0
DA:958,0
DA:959,0
DA:968,0
DA:969,0
DA:984,0
DA:985,0
DA:994,0
DA:995,0
DA:1001,0
DA:1005,0
DA:1006,0
DA:1012,0
DA:1016,0
DA:1017,0
DA:1026,0
DA:1027,0
DA:1041,0
DA:1042,0
DA:1043,0
DA:1044,0
DA:1045,0
DA:1046,0
DA:1047,0
DA:1048,0
DA:1049,0
DA:1056,0
DA:1057,0
DA:1066,0
DA:1067,0
DA:1076,0
DA:1077,0
DA:1087,0
DA:1088,0
DA:1089,0
DA:1091,0
DA:1093,0
DA:1094,0
DA:1097,0
DA:1104,0
DA:1105,0
DA:1106,0
DA:1108,0
DA:1112,0
DA:1113,0
DA:1117,0
DA:1118,0
DA:1128,0
DA:1129,0
DA:1133,0
DA:1134,0
DA:1136,0
DA:1138,0
DA:1142,0
DA:1143,0
DA:1144,0
DA:1145,0
DA:1146,0
DA:1154,0
DA:1158,0
DA:1159,0
DA:1168,0
DA:1169,0
DA:1184,0
DA:1185,0
DA:1196,0
DA:1197,0
DA:1207,0
DA:1208,0
DA:1209,0
DA:1211,0
DA:1216,0
DA:1217,0
DA:1218,0
DA:1219,0
DA:1220,0
DA:1222,0
DA:1247,0
DA:1248,0
DA:1279,0
DA:1280,0
DA:1281,0
DA:1290,6
DA:1293,0
DA:1294,0
DA:1295,0
DA:1296,0
DA:1297,0
DA:1300,0
DA:1301,0
LF:303
LH:7
BRDA:23,0,0,0
BRDA:23,0,1,0
BRDA:24,1,0,0
BRDA:24,1,1,0
BRDA:28,2,0,0
BRDA:28,2,1,0
BRDA:28,3,0,0
BRDA:28,3,1,0
BRDA:33,4,0,0
BRDA:33,4,1,0
BRDA:33,5,0,0
BRDA:33,5,1,0
BRDA:104,6,0,0
BRDA:104,6,1,0
BRDA:111,7,0,3
BRDA:111,7,1,0
BRDA:117,8,0,0
BRDA:117,8,1,0
BRDA:124,9,0,0
BRDA:137,10,0,0
BRDA:137,10,1,0
BRDA:137,11,0,0
BRDA:137,11,1,0
BRDA:143,12,0,0
BRDA:143,12,1,0
BRDA:147,13,0,0
BRDA:147,13,1,0
BRDA:147,14,0,0
BRDA:147,14,1,0
BRDA:147,14,2,0
BRDA:154,15,0,0
BRDA:154,15,1,0
BRDA:156,16,0,0
BRDA:156,16,1,0
BRDA:163,17,0,0
BRDA:163,17,1,0
BRDA:164,18,0,0
BRDA:164,18,1,0
BRDA:164,19,0,0
BRDA:164,19,1,0
BRDA:164,19,2,0
BRDA:166,20,0,0
BRDA:166,20,1,0
BRDA:173,21,0,0
BRDA:173,21,1,0
BRDA:173,22,0,0
BRDA:173,22,1,0
BRDA:173,22,2,0
BRDA:247,23,0,0
BRDA:247,23,1,0
BRDA:359,24,0,0
BRDA:359,24,1,0
BRDA:436,25,0,0
BRDA:436,25,1,0
BRDA:468,26,0,0
BRDA:468,26,1,0
BRDA:666,27,0,0
BRDA:666,27,1,0
BRDA:667,28,0,0
BRDA:667,28,1,0
BRDA:667,29,0,0
BRDA:667,29,1,0
BRDA:667,29,2,0
BRDA:695,30,0,0
BRDA:695,30,1,0
BRDA:741,31,0,0
BRDA:741,31,1,0
BRDA:795,32,0,0
BRDA:795,32,1,0
BRDA:812,33,0,0
BRDA:812,33,1,0
BRDA:843,34,0,0
BRDA:843,34,1,0
BRDA:844,35,0,0
BRDA:844,35,1,0
BRDA:846,36,0,0
BRDA:846,36,1,0
BRDA:928,37,0,0
BRDA:928,37,1,0
BRDA:929,38,0,0
BRDA:929,38,1,0
BRDA:931,39,0,0
BRDA:931,39,1,0
BRDA:988,40,0,0
BRDA:988,40,1,0
BRDA:1043,41,0,0
BRDA:1043,41,1,0
BRDA:1044,42,0,0
BRDA:1044,42,1,0
BRDA:1046,43,0,0
BRDA:1046,43,1,0
BRDA:1093,44,0,0
BRDA:1093,44,1,0
BRDA:1093,45,0,0
BRDA:1093,45,1,0
BRDA:1104,46,0,0
BRDA:1104,46,1,0
BRDA:1133,47,0,0
BRDA:1133,47,1,0
BRDA:1138,48,0,0
BRDA:1138,48,1,0
BRDA:1145,49,0,0
BRDA:1145,49,1,0
BRDA:1148,50,0,0
BRDA:1148,50,1,0
BRDA:1148,50,2,0
BRDA:1149,51,0,0
BRDA:1149,51,1,0
BRDA:1150,52,0,0
BRDA:1150,52,1,0
BRDA:1176,53,0,0
BRDA:1176,53,1,0
BRDA:1220,54,0,0
BRDA:1220,54,1,0
BRDA:1271,55,0,0
BRDA:1280,56,0,0
BRDA:1280,56,1,0
BRDA:1295,57,0,0
BRDA:1295,57,1,0
BRDA:1297,58,0,0
BRDA:1297,58,1,0
BRF:121
BRH:1
end_of_record
TN:
SF:src/services/crypto.ts
FN:29,resetCrypto
FN:36,isCryptoInitialized
FN:40,initCrypto
FN:68,getManager
FN:74,getIdentityKeys
FN:80,persistSessions
FN:97,(anonymous_6)
FN:113,(anonymous_7)
FN:117,(anonymous_8)
FN:135,(anonymous_9)
FN:153,(anonymous_10)
FN:160,(anonymous_11)
FN:170,(anonymous_12)
FN:182,(anonymous_13)
FN:189,(anonymous_14)
FN:202,(anonymous_15)
FN:207,(anonymous_16)
FN:213,(anonymous_17)
FN:218,(anonymous_18)
FN:224,(anonymous_19)
FN:235,(anonymous_20)
FN:248,(anonymous_21)
FN:249,(anonymous_22)
FN:269,(anonymous_23)
FN:280,(anonymous_24)
FN:291,(anonymous_25)
FN:302,(anonymous_26)
FN:310,(anonymous_27)
FN:313,(anonymous_28)
FN:335,(anonymous_29)
FN:345,(anonymous_30)
FNF:31
FNH:0
FNDA:0,resetCrypto
FNDA:0,isCryptoInitialized
FNDA:0,initCrypto
FNDA:0,getManager
FNDA:0,getIdentityKeys
FNDA:0,persistSessions
FNDA:0,(anonymous_6)
FNDA:0,(anonymous_7)
FNDA:0,(anonymous_8)
FNDA:0,(anonymous_9)
FNDA:0,(anonymous_10)
FNDA:0,(anonymous_11)
FNDA:0,(anonymous_12)
FNDA:0,(anonymous_13)
FNDA:0,(anonymous_14)
FNDA:0,(anonymous_15)
FNDA:0,(anonymous_16)
FNDA:0,(anonymous_17)
FNDA:0,(anonymous_18)
FNDA:0,(anonymous_19)
FNDA:0,(anonymous_20)
FNDA:0,(anonymous_21)
FNDA:0,(anonymous_22)
FNDA:0,(anonymous_23)
FNDA:0,(anonymous_24)
FNDA:0,(anonymous_25)
FNDA:0,(anonymous_26)
FNDA:0,(anonymous_27)
FNDA:0,(anonymous_28)
FNDA:0,(anonymous_29)
FNDA:0,(anonymous_30)
DA:16,6
DA:17,6
DA:20,6
DA:21,6
DA:30,0
DA:31,0
DA:32,0
DA:37,0
DA:41,0
DA:42,0
DA:43,0
DA:45,0
DA:46,0
DA:53,0
DA:54,0
DA:55,0
DA:56,0
DA:57,0
DA:58,0
DA:60,0
DA:63,0
DA:69,0
DA:70,0
DA:75,0
DA:76,0
DA:81,0
DA:82,0
DA:83,0
DA:85,0
DA:96,6
DA:98,0
DA:99,0
DA:105,0
DA:106,0
DA:114,0
DA:124,0
DA:126,0
DA:127,0
DA:129,0
DA:131,0
DA:132,0
DA:142,0
DA:144,0
DA:145,0
DA:147,0
DA:149,0
DA:150,0
DA:154,0
DA:155,0
DA:156,0
DA:157,0
DA:165,0
DA:166,0
DA:167,0
DA:175,0
DA:176,0
DA:177,0
DA:183,0
DA:184,0
DA:185,0
DA:186,0
DA:190,0
DA:191,0
DA:192,0
DA:193,0
DA:194,0
DA:203,0
DA:204,0
DA:207,0
DA:209,0
DA:210,0
DA:214,0
DA:215,0
DA:218,0
DA:220,0
DA:221,0
DA:229,0
DA:230,0
DA:232,0
DA:233,0
DA:235,0
DA:236,0
DA:240,0
DA:248,0
DA:249,0
DA:250,0
DA:257,0
DA:258,0
DA:259,0
DA:261,0
DA:265,0
DA:266,0
DA:276,0
DA:277,0
DA:287,0
DA:288,0
DA:296,0
DA:297,0
DA:299,0
DA:300,0
DA:302,0
DA:303,0
DA:307,0
DA:308,0
DA:309,0
DA:310,0
DA:311,0
DA:312,0
DA:313,0
DA:314,0
DA:315,0
DA:316,0
DA:319,0
DA:320,0
DA:323,0
DA:325,0
DA:327,0
DA:331,0
DA:332,0
DA:341,0
DA:342,0
DA:352,0
DA:353,0
LF:123
LH:5
BRDA:41,0,0,0
BRDA:41,0,1,0
BRDA:55,1,0,0
BRDA:55,1,1,0
BRDA:69,2,0,0
BRDA:69,2,1,0
BRDA:75,3,0,0
BRDA:75,3,1,0
BRDA:81,4,0,0
BRDA:81,4,1,0
BRDA:126,5,0,0
BRDA:126,5,1,0
BRDA:144,6,0,0
BRDA:144,6,1,0
BRDA:230,7,0,0
BRDA:230,7,1,0
BRDA:233,8,0,0
BRDA:233,8,1,0
BRDA:297,9,0,0
BRDA:297,9,1,0
BRDA:300,10,0,0
BRDA:300,10,1,0
BRDA:309,11,0,0
BRDA:309,11,1,0
BRDA:312,12,0,0
BRDA:312,12,1,0
BRF:26
BRH:0
end_of_record
TN:
SF:src/services/cryptoCore.ts
FNF:0
FNH:0
LF:0
LH:0
BRF:0
BRH:0
end_of_record
TN:
SF:src/services/fetchWithTimeout.ts
FN:1,fetchWithTimeout
FN:7,(anonymous_1)
FNF:2
FNH:0
FNDA:0,fetchWithTimeout
FNDA:0,(anonymous_1)
DA:5,0
DA:6,0
DA:7,0
DA:8,0
DA:9,0
DA:11,0
LF:6
LH:0
BRDA:5,0,0,0
BRDA:5,1,0,0
BRDA:5,1,1,0
BRF:3
BRH:0
end_of_record
TN:
SF:src/services/keyStore.ts
FN:72,deriveAesFromPrf
FN:82,deriveAesFromRecovery
FN:92,sha256Hash
FN:98,wrapMekWithPrf
FN:118,unwrapMekWithPrf
FN:135,wrapMekWithRecovery
FN:150,unwrapMekWithRecovery
FN:171,deriveAesFromPassphrase
FN:192,wrapMekWithPassphrase
FN:214,unwrapMekWithPassphrase
FN:224,(anonymous_10)
FN:244,openDB
FN:245,(anonymous_12)
FN:247,(anonymous_13)
FN:253,(anonymous_14)
FN:254,(anonymous_15)
FN:258,idbGet
FN:260,(anonymous_17)
FN:264,(anonymous_18)
FN:265,(anonymous_19)
FN:266,(anonymous_20)
FN:270,idbPut
FN:272,(anonymous_22)
FN:276,(anonymous_23)
FN:277,(anonymous_24)
FN:281,idbDelete
FN:283,(anonymous_26)
FN:287,(anonymous_27)
FN:288,(anonymous_28)
FN:302,generateAndEncryptIdentity
FN:330,buildIdentityResult
FN:336,(anonymous_31)
FN:357,createIdentity
FN:386,unlockWithPrf
FN:395,hasPasskeyKeySlot
FN:401,hasPasswordSlot
FN:409,unlockWithRecovery
FN:422,createIdentityWithPassphrase
FN:451,unlockWithPassphrase
FN:462,decryptIdentity
FN:475,(anonymous_40)
FN:491,fromBase64url
FN:500,addKeySlot
FN:520,getCredentialInfo
FN:556,hasIdentity
FN:564,getPublicKey
FN:574,exportIdentityBlob
FN:583,importIdentityBlob
FN:593,deleteIdentity
FN:595,(anonymous_49)
FN:604,saveSessions
FN:605,(anonymous_51)
FN:613,loadSessions
FN:616,(anonymous_53)
FN:625,encodeRecoveryKey
FN:640,decodeRecoveryKey
FN:657,generatePrfSalt
FN:662,generateRecoveryKey
FN:667,signChallenge
FNF:59
FNH:0
FNDA:0,deriveAesFromPrf
FNDA:0,deriveAesFromRecovery
FNDA:0,sha256Hash
FNDA:0,wrapMekWithPrf
FNDA:0,unwrapMekWithPrf
FNDA:0,wrapMekWithRecovery
FNDA:0,unwrapMekWithRecovery
FNDA:0,deriveAesFromPassphrase
FNDA:0,wrapMekWithPassphrase
FNDA:0,unwrapMekWithPassphrase
FNDA:0,(anonymous_10)
FNDA:0,openDB
FNDA:0,(anonymous_12)
FNDA:0,(anonymous_13)
FNDA:0,(anonymous_14)
FNDA:0,(anonymous_15)
FNDA:0,idbGet
FNDA:0,(anonymous_17)
FNDA:0,(anonymous_18)
FNDA:0,(anonymous_19)
FNDA:0,(anonymous_20)
FNDA:0,idbPut
FNDA:0,(anonymous_22)
FNDA:0,(anonymous_23)
FNDA:0,(anonymous_24)
FNDA:0,idbDelete
FNDA:0,(anonymous_26)
FNDA:0,(anonymous_27)
FNDA:0,(anonymous_28)
FNDA:0,generateAndEncryptIdentity
FNDA:0,buildIdentityResult
FNDA:0,(anonymous_31)
FNDA:0,createIdentity
FNDA:0,unlockWithPrf
FNDA:0,hasPasskeyKeySlot
FNDA:0,hasPasswordSlot
FNDA:0,unlockWithRecovery
FNDA:0,createIdentityWithPassphrase
FNDA:0,unlockWithPassphrase
FNDA:0,decryptIdentity
FNDA:0,(anonymous_40)
FNDA:0,fromBase64url
FNDA:0,addKeySlot
FNDA:0,getCredentialInfo
FNDA:0,hasIdentity
FNDA:0,getPublicKey
FNDA:0,exportIdentityBlob
FNDA:0,importIdentityBlob
FNDA:0,deleteIdentity
FNDA:0,(anonymous_49)
FNDA:0,saveSessions
FNDA:0,(anonymous_51)
FNDA:0,loadSessions
FNDA:0,(anonymous_53)
FNDA:0,encodeRecoveryKey
FNDA:0,decodeRecoveryKey
FNDA:0,generatePrfSalt
FNDA:0,generateRecoveryKey
FNDA:0,signChallenge
DA:73,0
DA:83,0
DA:93,0
DA:94,0
DA:105,0
DA:106,0
DA:108,0
DA:122,0
DA:123,0
DA:124,0
DA:125,0
DA:126,0
DA:128,0
DA:131,0
DA:139,0
DA:140,0
DA:141,0
DA:142,0
DA:154,0
DA:155,0
DA:156,0
DA:157,0
DA:158,0
DA:160,0
DA:161,0
DA:162,0
DA:163,0
DA:168,6
DA:176,0
DA:183,0
DA:188,0
DA:198,0
DA:199,0
DA:200,0
DA:201,0
DA:202,0
DA:218,0
DA:219,0
DA:220,0
DA:222,0
DA:223,0
DA:224,0
DA:225,0
DA:227,0
DA:228,0
DA:229,0
DA:235,0
DA:240,6
DA:241,6
DA:242,6
DA:245,0
DA:246,0
DA:247,0
DA:248,0
DA:249,0
DA:250,0
DA:253,0
DA:254,0
DA:259,0
DA:260,0
DA:261,0
DA:262,0
DA:263,0
DA:264,0
DA:265,0
DA:266,0
DA:271,0
DA:272,0
DA:273,0
DA:274,0
DA:275,0
DA:276,0
DA:277,0
DA:282,0
DA:283,0
DA:284,0
DA:285,0
DA:286,0
DA:287,0
DA:288,0
DA:309,0
DA:310,0
DA:311,0
DA:313,0
DA:314,0
DA:316,0
DA:323,0
DA:324,0
DA:326,0
DA:335,0
DA:336,0
DA:338,0
DA:340,0
DA:363,0
DA:366,0
DA:367,0
DA:369,0
DA:378,0
DA:380,0
DA:387,0
DA:388,0
DA:390,0
DA:391,0
DA:396,0
DA:397,0
DA:402,0
DA:403,0
DA:410,0
DA:411,0
DA:412,0
DA:414,0
DA:415,0
DA:427,0
DA:430,0
DA:431,0
DA:433,0
DA:443,0
DA:445,0
DA:452,0
DA:453,0
DA:455,0
DA:456,0
DA:458,0
DA:459,0
DA:463,0
DA:464,0
DA:465,0
DA:467,0
DA:468,0
DA:469,0
DA:470,0
DA:475,0
DA:476,0
DA:477,0
DA:479,0
DA:492,0
DA:493,0
DA:494,0
DA:507,0
DA:508,0
DA:510,0
DA:511,0
DA:512,0
DA:514,0
DA:527,0
DA:528,0
DA:530,0
DA:531,0
DA:532,0
DA:533,0
DA:534,0
DA:535,0
DA:539,0
DA:540,0
DA:541,0
DA:544,0
DA:557,0
DA:558,0
DA:565,0
DA:566,0
DA:567,0
DA:575,0
DA:576,0
DA:577,0
DA:584,0
DA:585,0
DA:586,0
DA:594,0
DA:595,0
DA:596,0
DA:605,0
DA:606,0
DA:607,0
DA:614,0
DA:615,0
DA:616,0
DA:617,0
DA:622,6
DA:626,0
DA:627,0
DA:628,0
DA:630,0
DA:631,0
DA:632,0
DA:633,0
DA:636,0
DA:641,0
DA:643,0
DA:644,0
DA:645,0
DA:646,0
DA:647,0
DA:649,0
DA:650,0
DA:651,0
DA:653,0
DA:658,0
DA:663,0
DA:671,0
LF:199
LH:5
BRDA:158,0,0,0
BRDA:158,0,1,0
BRDA:158,1,0,0
BRDA:158,1,1,0
BRDA:160,2,0,0
BRDA:160,2,1,0
BRDA:224,3,0,0
BRDA:224,3,1,0
BRDA:224,4,0,0
BRDA:224,4,1,0
BRDA:249,5,0,0
BRDA:249,5,1,0
BRDA:254,6,0,0
BRDA:254,6,1,0
BRDA:265,7,0,0
BRDA:265,7,1,0
BRDA:277,8,0,0
BRDA:277,8,1,0
BRDA:288,9,0,0
BRDA:288,9,1,0
BRDA:388,10,0,0
BRDA:388,10,1,0
BRDA:397,11,0,0
BRDA:397,11,1,0
BRDA:397,11,2,0
BRDA:403,12,0,0
BRDA:403,12,1,0
BRDA:403,12,2,0
BRDA:411,13,0,0
BRDA:411,13,1,0
BRDA:412,14,0,0
BRDA:412,14,1,0
BRDA:453,15,0,0
BRDA:453,15,1,0
BRDA:455,16,0,0
BRDA:455,16,1,0
BRDA:456,17,0,0
BRDA:456,17,1,0
BRDA:494,18,0,0
BRDA:494,18,1,0
BRDA:508,19,0,0
BRDA:508,19,1,0
BRDA:528,20,0,0
BRDA:528,20,1,0
BRDA:534,21,0,0
BRDA:534,21,1,0
BRDA:539,22,0,0
BRDA:539,22,1,0
BRDA:566,23,0,0
BRDA:566,23,1,0
BRDA:576,24,0,0
BRDA:576,24,1,0
BRDA:585,25,0,0
BRDA:585,25,1,0
BRDA:615,26,0,0
BRDA:615,26,1,0
BRDA:636,27,0,0
BRDA:636,27,1,0
BRDA:646,28,0,0
BRDA:646,28,1,0
BRF:60
BRH:0
end_of_record
TN:
SF:src/services/messageCache.ts
FN:31,hashSource
FN:40,deriveCacheKey
FN:59,encryptForCache
FN:74,decryptFromCache
FN:76,(anonymous_4)
FN:89,getCacheKey
FN:97,openDB
FN:98,(anonymous_7)
FN:100,(anonymous_8)
FN:107,(anonymous_9)
FN:108,(anonymous_10)
FN:112,cacheMessage
FN:125,(anonymous_12)
FN:130,(anonymous_13)
FN:134,(anonymous_14)
FN:145,getCachedMessage
FN:153,(anonymous_16)
FN:157,(anonymous_17)
FN:170,(anonymous_18)
FN:171,(anonymous_19)
FN:175,getCachedMessages
FN:180,(anonymous_21)
FN:192,(anonymous_22)
FN:204,(anonymous_23)
FN:209,(anonymous_24)
FN:210,(anonymous_25)
FN:217,deleteCachedMessage
FN:219,(anonymous_27)
FN:223,(anonymous_28)
FN:227,(anonymous_29)
FN:234,clearChannelCache
FN:236,(anonymous_31)
FN:241,(anonymous_32)
FN:248,(anonymous_33)
FN:260,clearAllMessageCache
FN:262,(anonymous_35)
FN:266,(anonymous_36)
FNF:37
FNH:0
FNDA:0,hashSource
FNDA:0,deriveCacheKey
FNDA:0,encryptForCache
FNDA:0,decryptFromCache
FNDA:0,(anonymous_4)
FNDA:0,getCacheKey
FNDA:0,openDB
FNDA:0,(anonymous_7)
FNDA:0,(anonymous_8)
FNDA:0,(anonymous_9)
FNDA:0,(anonymous_10)
FNDA:0,cacheMessage
FNDA:0,(anonymous_12)
FNDA:0,(anonymous_13)
FNDA:0,(anonymous_14)
FNDA:0,getCachedMessage
FNDA:0,(anonymous_16)
FNDA:0,(anonymous_17)
FNDA:0,(anonymous_18)
FNDA:0,(anonymous_19)
FNDA:0,getCachedMessages
FNDA:0,(anonymous_21)
FNDA:0,(anonymous_22)
FNDA:0,(anonymous_23)
FNDA:0,(anonymous_24)
FNDA:0,(anonymous_25)
FNDA:0,deleteCachedMessage
FNDA:0,(anonymous_27)
FNDA:0,(anonymous_28)
FNDA:0,(anonymous_29)
FNDA:0,clearChannelCache
FNDA:0,(anonymous_31)
FNDA:0,(anonymous_32)
FNDA:0,(anonymous_33)
FNDA:0,clearAllMessageCache
FNDA:0,(anonymous_35)
FNDA:0,(anonymous_36)
DA:15,6
DA:16,6
DA:17,6
DA:32,0
DA:33,0
DA:34,0
DA:41,0
DA:42,0
DA:49,0
DA:60,0
DA:61,0
DA:62,0
DA:67,0
DA:68,0
DA:69,0
DA:70,0
DA:75,0
DA:76,0
DA:77,0
DA:78,0
DA:79,0
DA:80,0
DA:85,0
DA:90,0
DA:91,0
DA:92,0
DA:98,0
DA:99,0
DA:100,0
DA:101,0
DA:102,0
DA:103,0
DA:104,0
DA:107,0
DA:108,0
DA:118,0
DA:119,0
DA:121,0
DA:122,0
DA:124,0
DA:125,0
DA:126,0
DA:127,0
DA:128,0
DA:129,0
DA:130,0
DA:131,0
DA:132,0
DA:134,0
DA:135,0
DA:136,0
DA:149,0
DA:150,0
DA:152,0
DA:153,0
DA:154,0
DA:155,0
DA:156,0
DA:157,0
DA:158,0
DA:159,0
DA:160,0
DA:161,0
DA:162,0
DA:164,0
DA:165,0
DA:167,0
DA:170,0
DA:171,0
DA:176,0
DA:177,0
DA:179,0
DA:180,0
DA:181,0
DA:182,0
DA:183,0
DA:184,0
DA:185,0
DA:186,0
DA:187,0
DA:188,0
DA:190,0
DA:191,0
DA:192,0
DA:193,0
DA:194,0
DA:195,0
DA:196,0
DA:201,0
DA:202,0
DA:204,0
DA:205,0
DA:206,0
DA:209,0
DA:210,0
DA:211,0
DA:212,0
DA:218,0
DA:219,0
DA:220,0
DA:221,0
DA:222,0
DA:223,0
DA:224,0
DA:225,0
DA:227,0
DA:228,0
DA:229,0
DA:235,0
DA:236,0
DA:237,0
DA:238,0
DA:239,0
DA:240,0
DA:241,0
DA:242,0
DA:243,0
DA:244,0
DA:245,0
DA:248,0
DA:249,0
DA:250,0
DA:261,0
DA:262,0
DA:263,0
DA:264,0
DA:265,0
DA:266,0
DA:267,0
DA:268,0
LF:130
LH:3
BRDA:77,0,0,0
BRDA:77,0,1,0
BRDA:91,1,0,0
BRDA:91,1,1,0
BRDA:102,2,0,0
BRDA:102,2,1,0
BRDA:108,3,0,0
BRDA:108,3,1,0
BRDA:119,4,0,0
BRDA:119,4,1,0
BRDA:122,5,0,0
BRDA:122,5,1,0
BRDA:136,6,0,0
BRDA:136,6,1,0
BRDA:150,7,0,0
BRDA:150,7,1,0
BRDA:159,8,0,0
BRDA:159,8,1,0
BRDA:160,9,0,0
BRDA:160,9,1,0
BRDA:160,10,0,0
BRDA:160,10,1,0
BRDA:162,11,0,0
BRDA:162,11,1,0
BRDA:170,12,0,0
BRDA:170,12,1,0
BRDA:177,13,0,0
BRDA:177,13,1,0
BRDA:185,14,0,0
BRDA:185,14,1,0
BRDA:194,15,0,0
BRDA:194,15,1,0
BRDA:202,16,0,0
BRDA:202,16,1,0
BRDA:206,17,0,0
BRDA:206,17,1,0
BRDA:212,18,0,0
BRDA:212,18,1,0
BRDA:229,19,0,0
BRDA:229,19,1,0
BRDA:243,20,0,0
BRDA:243,20,1,0
BRF:42
BRH:0
end_of_record
TN:
SF:src/services/mockApi.ts
FN:17,uid
FN:18,now
FN:24,toServer
FN:52,(anonymous_3)
FN:56,(anonymous_4)
FN:60,(anonymous_5)
FN:61,(anonymous_6)
FN:62,(anonymous_7)
FN:63,(anonymous_8)
FN:64,(anonymous_9)
FN:67,(anonymous_10)
FN:73,(anonymous_11)
FN:83,(anonymous_12)
FN:86,(anonymous_13)
FN:89,(anonymous_14)
FN:90,(anonymous_15)
FN:93,(anonymous_16)
FN:94,(anonymous_17)
FN:95,(anonymous_18)
FN:96,(anonymous_19)
FN:99,(anonymous_20)
FN:100,(anonymous_21)
FN:103,(anonymous_22)
FN:104,(anonymous_23)
FN:117,(anonymous_24)
FN:118,(anonymous_25)
FN:122,(anonymous_26)
FN:123,(anonymous_27)
FN:127,(anonymous_28)
FN:128,(anonymous_29)
FN:129,(anonymous_30)
FN:130,(anonymous_31)
FN:131,(anonymous_32)
FN:134,(anonymous_33)
FN:135,(anonymous_34)
FN:138,(anonymous_35)
FN:139,(anonymous_36)
FN:142,(anonymous_37)
FN:147,(anonymous_38)
FN:150,(anonymous_39)
FN:151,(anonymous_40)
FN:154,(anonymous_41)
FN:155,(anonymous_42)
FN:156,(anonymous_43)
FN:160,(anonymous_44)
FN:170,(anonymous_45)
FN:171,(anonymous_46)
FN:171,(anonymous_47)
FN:172,(anonymous_48)
FN:183,(anonymous_49)
FN:186,(anonymous_50)
FN:188,(anonymous_51)
FN:192,(anonymous_52)
FN:194,(anonymous_53)
FN:197,(anonymous_54)
FN:198,(anonymous_55)
FN:201,(anonymous_56)
FN:210,(anonymous_57)
FN:211,(anonymous_58)
FN:213,(anonymous_59)
FN:214,(anonymous_60)
FN:216,(anonymous_61)
FN:217,(anonymous_62)
FN:221,(anonymous_63)
FN:222,(anonymous_64)
FN:225,(anonymous_65)
FN:228,(anonymous_66)
FN:238,(anonymous_67)
FN:242,(anonymous_68)
FN:244,(anonymous_69)
FN:248,(anonymous_70)
FN:250,(anonymous_71)
FN:255,(anonymous_72)
FN:257,(anonymous_73)
FN:259,(anonymous_74)
FN:269,(anonymous_75)
FN:271,(anonymous_76)
FN:273,(anonymous_77)
FN:275,(anonymous_78)
FN:277,(anonymous_79)
FN:280,(anonymous_80)
FN:282,(anonymous_81)
FN:284,(anonymous_82)
FN:291,(anonymous_83)
FN:297,(anonymous_84)
FN:298,(anonymous_85)
FN:301,(anonymous_86)
FN:302,(anonymous_87)
FN:305,(anonymous_88)
FN:308,(anonymous_89)
FN:311,(anonymous_90)
FN:314,(anonymous_91)
FN:324,(anonymous_92)
FN:325,(anonymous_93)
FN:327,(anonymous_94)
FN:330,(anonymous_95)
FN:341,(anonymous_96)
FN:348,(anonymous_97)
FN:350,(anonymous_98)
FN:352,(anonymous_99)
FN:355,(anonymous_100)
FN:355,(anonymous_101)
FN:359,(anonymous_102)
FN:363,(anonymous_103)
FN:365,(anonymous_104)
FN:367,(anonymous_105)
FN:367,(anonymous_106)
FN:368,(anonymous_107)
FN:376,(anonymous_108)
FN:380,(anonymous_109)
FN:387,(anonymous_110)
FN:401,(anonymous_111)
FN:416,(anonymous_112)
FN:423,(anonymous_113)
FN:427,(anonymous_114)
FN:430,(anonymous_115)
FN:433,(anonymous_116)
FN:440,(anonymous_117)
FN:446,(anonymous_118)
FN:448,(anonymous_119)
FN:454,(anonymous_120)
FN:457,(anonymous_121)
FN:465,(anonymous_122)
FN:466,(anonymous_123)
FN:468,(anonymous_124)
FN:473,(anonymous_125)
FN:474,(anonymous_126)
FN:481,(anonymous_127)
FN:482,(anonymous_128)
FN:484,(anonymous_129)
FN:485,(anonymous_130)
FN:494,(anonymous_131)
FN:497,(anonymous_132)
FNF:133
FNH:0
FNDA:0,uid
FNDA:0,now
FNDA:0,toServer
FNDA:0,(anonymous_3)
FNDA:0,(anonymous_4)
FNDA:0,(anonymous_5)
FNDA:0,(anonymous_6)
FNDA:0,(anonymous_7)
FNDA:0,(anonymous_8)
FNDA:0,(anonymous_9)
FNDA:0,(anonymous_10)
FNDA:0,(anonymous_11)
FNDA:0,(anonymous_12)
FNDA:0,(anonymous_13)
FNDA:0,(anonymous_14)
FNDA:0,(anonymous_15)
FNDA:0,(anonymous_16)
FNDA:0,(anonymous_17)
FNDA:0,(anonymous_18)
FNDA:0,(anonymous_19)
FNDA:0,(anonymous_20)
FNDA:0,(anonymous_21)
FNDA:0,(anonymous_22)
FNDA:0,(anonymous_23)
FNDA:0,(anonymous_24)
FNDA:0,(anonymous_25)
FNDA:0,(anonymous_26)
FNDA:0,(anonymous_27)
FNDA:0,(anonymous_28)
FNDA:0,(anonymous_29)
FNDA:0,(anonymous_30)
FNDA:0,(anonymous_31)
FNDA:0,(anonymous_32)
FNDA:0,(anonymous_33)
FNDA:0,(anonymous_34)
FNDA:0,(anonymous_35)
FNDA:0,(anonymous_36)
FNDA:0,(anonymous_37)
FNDA:0,(anonymous_38)
FNDA:0,(anonymous_39)
FNDA:0,(anonymous_40)
FNDA:0,(anonymous_41)
FNDA:0,(anonymous_42)
FNDA:0,(anonymous_43)
FNDA:0,(anonymous_44)
FNDA:0,(anonymous_45)
FNDA:0,(anonymous_46)
FNDA:0,(anonymous_47)
FNDA:0,(anonymous_48)
FNDA:0,(anonymous_49)
FNDA:0,(anonymous_50)
FNDA:0,(anonymous_51)
FNDA:0,(anonymous_52)
FNDA:0,(anonymous_53)
FNDA:0,(anonymous_54)
FNDA:0,(anonymous_55)
FNDA:0,(anonymous_56)
FNDA:0,(anonymous_57)
FNDA:0,(anonymous_58)
FNDA:0,(anonymous_59)
FNDA:0,(anonymous_60)
FNDA:0,(anonymous_61)
FNDA:0,(anonymous_62)
FNDA:0,(anonymous_63)
FNDA:0,(anonymous_64)
FNDA:0,(anonymous_65)
FNDA:0,(anonymous_66)
FNDA:0,(anonymous_67)
FNDA:0,(anonymous_68)
FNDA:0,(anonymous_69)
FNDA:0,(anonymous_70)
FNDA:0,(anonymous_71)
FNDA:0,(anonymous_72)
FNDA:0,(anonymous_73)
FNDA:0,(anonymous_74)
FNDA:0,(anonymous_75)
FNDA:0,(anonymous_76)
FNDA:0,(anonymous_77)
FNDA:0,(anonymous_78)
FNDA:0,(anonymous_79)
FNDA:0,(anonymous_80)
FNDA:0,(anonymous_81)
FNDA:0,(anonymous_82)
FNDA:0,(anonymous_83)
FNDA:0,(anonymous_84)
FNDA:0,(anonymous_85)
FNDA:0,(anonymous_86)
FNDA:0,(anonymous_87)
FNDA:0,(anonymous_88)
FNDA:0,(anonymous_89)
FNDA:0,(anonymous_90)
FNDA:0,(anonymous_91)
FNDA:0,(anonymous_92)
FNDA:0,(anonymous_93)
FNDA:0,(anonymous_94)
FNDA:0,(anonymous_95)
FNDA:0,(anonymous_96)
FNDA:0,(anonymous_97)
FNDA:0,(anonymous_98)
FNDA:0,(anonymous_99)
FNDA:0,(anonymous_100)
FNDA:0,(anonymous_101)
FNDA:0,(anonymous_102)
FNDA:0,(anonymous_103)
FNDA:0,(anonymous_104)
FNDA:0,(anonymous_105)
FNDA:0,(anonymous_106)
FNDA:0,(anonymous_107)
FNDA:0,(anonymous_108)
FNDA:0,(anonymous_109)
FNDA:0,(anonymous_110)
FNDA:0,(anonymous_111)
FNDA:0,(anonymous_112)
FNDA:0,(anonymous_113)
FNDA:0,(anonymous_114)
FNDA:0,(anonymous_115)
FNDA:0,(anonymous_116)
FNDA:0,(anonymous_117)
FNDA:0,(anonymous_118)
FNDA:0,(anonymous_119)
FNDA:0,(anonymous_120)
FNDA:0,(anonymous_121)
FNDA:0,(anonymous_122)
FNDA:0,(anonymous_123)
FNDA:0,(anonymous_124)
FNDA:0,(anonymous_125)
FNDA:0,(anonymous_126)
FNDA:0,(anonymous_127)
FNDA:0,(anonymous_128)
FNDA:0,(anonymous_129)
FNDA:0,(anonymous_130)
FNDA:0,(anonymous_131)
FNDA:0,(anonymous_132)
DA:16,6
DA:17,0
DA:18,0
DA:25,0
DA:45,0
DA:46,0
DA:50,0
DA:51,0
DA:52,0
DA:54,0
DA:55,0
DA:56,0
DA:65,0
DA:68,0
DA:74,0
DA:84,0
DA:87,0
DA:89,0
DA:90,0
DA:93,0
DA:94,0
DA:96,0
DA:99,0
DA:100,0
DA:103,0
DA:105,0
DA:114,0
DA:115,0
DA:118,0
DA:119,0
DA:120,0
DA:123,0
DA:127,0
DA:134,0
DA:136,0
DA:138,0
DA:143,0
DA:148,0
DA:150,0
DA:151,0
DA:155,0
DA:156,0
DA:157,0
DA:160,0
DA:161,0
DA:163,0
DA:167,0
DA:168,0
DA:170,0
DA:171,0
DA:173,0
DA:178,0
DA:179,0
DA:180,0
DA:181,0
DA:184,0
DA:187,0
DA:188,0
DA:189,0
DA:190,0
DA:193,0
DA:194,0
DA:195,0
DA:202,0
DA:207,0
DA:208,0
DA:211,0
DA:214,0
DA:217,0
DA:218,0
DA:219,0
DA:222,0
DA:223,0
DA:226,0
DA:229,0
DA:234,0
DA:235,0
DA:236,0
DA:238,0
DA:239,0
DA:240,0
DA:243,0
DA:244,0
DA:245,0
DA:246,0
DA:249,0
DA:250,0
DA:251,0
DA:256,0
DA:257,0
DA:258,0
DA:259,0
DA:260,0
DA:261,0
DA:262,0
DA:263,0
DA:266,0
DA:270,0
DA:271,0
DA:272,0
DA:273,0
DA:274,0
DA:275,0
DA:276,0
DA:277,0
DA:281,0
DA:282,0
DA:283,0
DA:284,0
DA:292,0
DA:297,0
DA:301,0
DA:303,0
DA:309,0
DA:312,0
DA:322,0
DA:325,0
DA:327,0
DA:335,0
DA:341,0
DA:345,0
DA:346,0
DA:347,0
DA:348,0
DA:351,0
DA:352,0
DA:353,0
DA:355,0
DA:356,0
DA:357,0
DA:359,0
DA:361,0
DA:364,0
DA:365,0
DA:366,0
DA:367,0
DA:368,0
DA:370,0
DA:375,0
DA:377,0
DA:378,0
DA:381,0
DA:382,0
DA:390,0
DA:404,0
DA:409,0
DA:410,0
DA:412,0
DA:413,0
DA:416,0
DA:426,0
DA:428,0
DA:431,0
DA:434,0
DA:439,0
DA:441,0
DA:442,0
DA:443,0
DA:447,0
DA:448,0
DA:453,0
DA:455,0
DA:458,0
DA:459,0
DA:464,0
DA:466,0
DA:469,0
DA:470,0
DA:471,0
DA:474,0
DA:475,0
DA:476,0
DA:477,0
DA:478,0
DA:479,0
DA:482,0
DA:485,0
DA:486,0
DA:487,0
DA:488,0
DA:490,0
DA:494,0
DA:498,0
DA:499,0
DA:500,0
LF:185
LH:1
BRDA:110,0,0,0
BRDA:110,0,1,0
BRDA:112,1,0,0
BRDA:112,1,1,0
BRDA:119,2,0,0
BRDA:119,2,1,0
BRDA:143,3,0,0
BRDA:143,3,1,0
BRDA:157,4,0,0
BRDA:157,4,1,0
BRDA:157,5,0,0
BRDA:157,5,1,0
BRDA:160,6,0,0
BRDA:160,6,1,0
BRDA:178,7,0,0
BRDA:178,7,1,0
BRDA:184,8,0,0
BRDA:184,8,1,0
BRDA:187,9,0,0
BRDA:187,9,1,0
BRDA:189,10,0,0
BRDA:189,10,1,0
BRDA:193,11,0,0
BRDA:193,11,1,0
BRDA:195,12,0,0
BRDA:195,12,1,0
BRDA:204,13,0,0
BRDA:204,13,1,0
BRDA:218,14,0,0
BRDA:218,14,1,0
BRDA:226,15,0,0
BRDA:226,15,1,0
BRDA:234,16,0,0
BRDA:234,16,1,0
BRDA:239,17,0,0
BRDA:239,17,1,0
BRDA:243,18,0,0
BRDA:243,18,1,0
BRDA:245,19,0,0
BRDA:245,19,1,0
BRDA:249,20,0,0
BRDA:249,20,1,0
BRDA:251,21,0,0
BRDA:251,21,1,0
BRDA:256,22,0,0
BRDA:256,22,1,0
BRDA:258,23,0,0
BRDA:258,23,1,0
BRDA:260,24,0,0
BRDA:260,24,1,0
BRDA:261,25,0,0
BRDA:261,25,1,0
BRDA:270,26,0,0
BRDA:270,26,1,0
BRDA:272,27,0,0
BRDA:272,27,1,0
BRDA:274,28,0,0
BRDA:274,28,1,0
BRDA:277,29,0,0
BRDA:277,29,1,0
BRDA:281,30,0,0
BRDA:281,30,1,0
BRDA:283,31,0,0
BRDA:283,31,1,0
BRDA:303,32,0,0
BRDA:303,32,1,0
BRDA:325,33,0,0
BRDA:325,33,1,0
BRDA:345,34,0,0
BRDA:345,34,1,0
BRDA:353,35,0,0
BRDA:353,35,1,0
BRDA:356,36,0,0
BRDA:356,36,1,0
BRDA:356,37,0,0
BRDA:356,37,1,0
BRDA:366,38,0,0
BRDA:366,38,1,0
BRDA:377,39,0,0
BRDA:377,39,1,0
BRDA:378,40,0,0
BRDA:378,40,1,0
BRDA:409,41,0,0
BRDA:409,41,1,0
BRDA:409,42,0,0
BRDA:409,42,1,0
BRDA:441,43,0,0
BRDA:441,43,1,0
BRDA:442,44,0,0
BRDA:442,44,1,0
BRDA:447,45,0,0
BRDA:447,45,1,0
BRDA:475,46,0,0
BRDA:475,46,1,0
BRDA:476,47,0,0
BRDA:476,47,1,0
BRDA:477,48,0,0
BRDA:477,48,1,0
BRDA:478,49,0,0
BRDA:478,49,1,0
BRDA:486,50,0,0
BRDA:486,50,1,0
BRDA:488,51,0,0
BRDA:488,51,1,0
BRDA:490,52,0,0
BRDA:490,52,1,0
BRDA:498,53,0,0
BRDA:498,53,1,0
BRF:108
BRH:0
end_of_record
TN:
SF:src/services/mockData.ts
FN:80,ts
FNF:1
FNH:1
FNDA:216,ts
DA:9,6
DA:10,6
DA:20,6
DA:30,6
DA:41,6
DA:52,6
DA:58,6
DA:70,6
DA:81,216
DA:86,6
DA:200,6
DA:213,6
DA:245,6
DA:284,6
DA:292,6
DA:319,6
DA:329,6
DA:338,6
LF:18
LH:18
BRF:0
BRH:0
end_of_record
TN:
SF:src/services/mockSession.ts
FN:21,ensureMockSession
FN:57,getMockHandles
FN:65,isMockSession
FNF:3
FNH:1
FNDA:0,ensureMockSession
FNDA:0,getMockHandles
FNDA:195,isMockSession
DA:17,6
DA:18,6
DA:19,6
DA:22,0
DA:23,0
DA:25,0
DA:26,0
DA:29,0
DA:30,0
DA:31,0
DA:35,0
DA:36,0
DA:37,0
DA:38,0
DA:39,0
DA:49,0
DA:50,0
DA:51,0
DA:58,0
DA:66,195
LF:20
LH:4
BRDA:22,0,0,0
BRDA:22,0,1,0
BRF:2
BRH:0
end_of_record
TN:
SF:src/services/mockWebSocket.ts
FN:24,(anonymous_0)
FN:26,(anonymous_1)
FN:31,(anonymous_2)
FN:39,(anonymous_3)
FN:48,(anonymous_4)
FN:55,(anonymous_5)
FN:59,(anonymous_6)
FN:63,(anonymous_7)
FN:69,(anonymous_8)
FN:91,(anonymous_9)
FN:94,(anonymous_10)
FN:97,(anonymous_11)
FN:101,(anonymous_12)
FN:102,(anonymous_13)
FN:108,(anonymous_14)
FN:111,(anonymous_15)
FN:112,(anonymous_16)
FN:113,(anonymous_17)
FN:114,(anonymous_18)
FN:115,(anonymous_19)
FN:116,(anonymous_20)
FN:117,(anonymous_21)
FN:118,(anonymous_22)
FN:119,(anonymous_23)
FN:120,(anonymous_24)
FN:121,(anonymous_25)
FN:122,(anonymous_26)
FN:123,(anonymous_27)
FN:124,(anonymous_28)
FN:125,(anonymous_29)
FN:126,(anonymous_30)
FN:127,(anonymous_31)
FN:128,(anonymous_32)
FN:129,(anonymous_33)
FN:130,(anonymous_34)
FN:134,(anonymous_35)
FN:140,(anonymous_36)
FN:141,(anonymous_37)
FN:147,(anonymous_38)
FN:148,(anonymous_39)
FN:157,(anonymous_40)
FN:172,(anonymous_41)
FN:174,(anonymous_42)
FN:202,(anonymous_43)
FN:204,(anonymous_44)
FN:229,buildSyncInitPayload
FN:232,(anonymous_46)
FN:239,(anonymous_47)
FN:241,(anonymous_48)
FN:244,(anonymous_49)
FNF:50
FNH:0
FNDA:0,(anonymous_0)
FNDA:0,(anonymous_1)
FNDA:0,(anonymous_2)
FNDA:0,(anonymous_3)
FNDA:0,(anonymous_4)
FNDA:0,(anonymous_5)
FNDA:0,(anonymous_6)
FNDA:0,(anonymous_7)
FNDA:0,(anonymous_8)
FNDA:0,(anonymous_9)
FNDA:0,(anonymous_10)
FNDA:0,(anonymous_11)
FNDA:0,(anonymous_12)
FNDA:0,(anonymous_13)
FNDA:0,(anonymous_14)
FNDA:0,(anonymous_15)
FNDA:0,(anonymous_16)
FNDA:0,(anonymous_17)
FNDA:0,(anonymous_18)
FNDA:0,(anonymous_19)
FNDA:0,(anonymous_20)
FNDA:0,(anonymous_21)
FNDA:0,(anonymous_22)
FNDA:0,(anonymous_23)
FNDA:0,(anonymous_24)
FNDA:0,(anonymous_25)
FNDA:0,(anonymous_26)
FNDA:0,(anonymous_27)
FNDA:0,(anonymous_28)
FNDA:0,(anonymous_29)
FNDA:0,(anonymous_30)
FNDA:0,(anonymous_31)
FNDA:0,(anonymous_32)
FNDA:0,(anonymous_33)
FNDA:0,(anonymous_34)
FNDA:0,(anonymous_35)
FNDA:0,(anonymous_36)
FNDA:0,(anonymous_37)
FNDA:0,(anonymous_38)
FNDA:0,(anonymous_39)
FNDA:0,(anonymous_40)
FNDA:0,(anonymous_41)
FNDA:0,(anonymous_42)
FNDA:0,(anonymous_43)
FNDA:0,(anonymous_44)
FNDA:0,buildSyncInitPayload
FNDA:0,(anonymous_46)
FNDA:0,(anonymous_47)
FNDA:0,(anonymous_48)
FNDA:0,(anonymous_49)
DA:14,0
DA:15,0
DA:16,0
DA:18,0
DA:24,0
DA:27,0
DA:28,0
DA:31,0
DA:33,0
DA:34,0
DA:35,0
DA:45,0
DA:49,0
DA:50,0
DA:51,0
DA:56,0
DA:60,0
DA:70,0
DA:71,0
DA:73,0
DA:74,0
DA:75,0
DA:77,0
DA:79,0
DA:81,0
DA:83,0
DA:85,0
DA:87,0
DA:92,0
DA:93,0
DA:94,0
DA:98,0
DA:102,0
DA:103,0
DA:135,0
DA:136,0
DA:137,0
DA:141,0
DA:142,0
DA:143,0
DA:144,0
DA:148,0
DA:149,0
DA:150,0
DA:151,0
DA:157,0
DA:158,0
DA:163,0
DA:165,0
DA:166,0
DA:168,0
DA:169,0
DA:173,0
DA:174,0
DA:175,0
DA:176,0
DA:177,0
DA:178,0
DA:179,0
DA:180,0
DA:195,0
DA:196,0
DA:198,0
DA:199,0
DA:203,0
DA:204,0
DA:205,0
DA:206,0
DA:207,0
DA:208,0
DA:209,0
DA:210,0
DA:218,0
DA:219,0
DA:221,0
DA:222,0
DA:230,0
DA:232,0
DA:239,0
DA:241,0
DA:244,0
LF:81
LH:0
BRDA:27,0,0,0
BRDA:27,0,1,0
BRDA:31,1,0,0
BRDA:31,1,1,0
BRDA:69,2,0,0
BRDA:70,3,0,0
BRDA:70,3,1,0
BRDA:74,4,0,0
BRDA:74,4,1,0
BRDA:75,5,0,0
BRDA:75,5,1,0
BRDA:75,5,2,0
BRDA:75,5,3,0
BRDA:75,5,4,0
BRDA:75,5,5,0
BRDA:92,6,0,0
BRDA:92,6,1,0
BRDA:149,7,0,0
BRDA:149,7,1,0
BRDA:175,8,0,0
BRDA:175,8,1,0
BRDA:205,9,0,0
BRDA:205,9,1,0
BRDA:232,10,0,0
BRDA:232,10,1,0
BRDA:241,11,0,0
BRDA:241,11,1,0
BRF:27
BRH:0
end_of_record
TN:
SF:src/services/sounds.ts
FN:7,getAudioContext
FN:12,playTone
FN:34,playJoinSound
FN:38,(anonymous_3)
FN:47,playLeaveSound
FN:51,(anonymous_5)
FNF:6
FNH:0
FNDA:0,getAudioContext
FNDA:0,playTone
FNDA:0,playJoinSound
FNDA:0,(anonymous_3)
FNDA:0,playLeaveSound
FNDA:0,(anonymous_5)
DA:5,1
DA:8,0
DA:9,0
DA:13,0
DA:14,0
DA:15,0
DA:16,0
DA:18,0
DA:19,0
DA:20,0
DA:21,0
DA:23,0
DA:24,0
DA:26,0
DA:27,0
DA:35,0
DA:36,0
DA:37,0
DA:38,0
DA:39,0
DA:48,0
DA:49,0
DA:50,0
DA:51,0
DA:52,0
LF:25
LH:1
BRDA:12,0,0,0
BRDA:12,1,0,0
BRDA:35,2,0,0
BRDA:35,2,1,0
BRDA:48,3,0,0
BRDA:48,3,1,0
BRF:6
BRH:0
end_of_record
TN:
SF:src/services/telemetry.ts
FN:29,escapeRegExp
FN:39,isEnabled
FN:49,startTelemetry
FN:61,(anonymous_3)
FN:62,(anonymous_4)
FN:63,(anonymous_5)
FN:64,(anonymous_6)
FN:65,(anonymous_7)
FN:66,(anonymous_8)
FN:113,stopTelemetry
FN:125,initTelemetry
FN:137,(anonymous_11)
FN:151,getTracer
FN:159,traceWSEvent
FN:180,recordException
FN:199,filterAttributes
FNF:16
FNH:0
FNDA:0,escapeRegExp
FNDA:0,isEnabled
FNDA:0,startTelemetry
FNDA:0,(anonymous_3)
FNDA:0,(anonymous_4)
FNDA:0,(anonymous_5)
FNDA:0,(anonymous_6)
FNDA:0,(anonymous_7)
FNDA:0,(anonymous_8)
FNDA:0,stopTelemetry
FNDA:0,initTelemetry
FNDA:0,(anonymous_11)
FNDA:0,getTracer
FNDA:0,traceWSEvent
FNDA:0,recordException
FNDA:0,filterAttributes
DA:5,6
DA:30,0
DA:33,6
DA:34,6
DA:40,0
DA:50,0
DA:60,0
DA:61,0
DA:62,0
DA:63,0
DA:64,0
DA:65,0
DA:66,0
DA:69,0
DA:70,0
DA:73,0
DA:78,0
DA:80,0
DA:85,0
DA:86,0
DA:89,0
DA:106,0
DA:107,0
DA:114,0
DA:115,0
DA:116,0
DA:117,0
DA:118,0
DA:129,0
DA:130,0
DA:132,0
DA:133,0
DA:137,0
DA:138,0
DA:139,0
DA:140,0
DA:142,0
DA:152,0
DA:164,0
DA:166,0
DA:167,0
DA:174,0
DA:181,0
DA:183,0
DA:184,0
DA:191,0
DA:192,0
DA:193,0
DA:200,0
DA:201,0
DA:202,0
DA:203,0
DA:204,0
DA:207,0
LF:54
LH:3
BRDA:50,0,0,0
BRDA:50,0,1,0
BRDA:69,1,0,0
BRDA:69,1,1,0
BRDA:70,2,0,0
BRDA:70,2,1,0
BRDA:75,3,0,0
BRDA:75,3,1,0
BRDA:114,4,0,0
BRDA:114,4,1,0
BRDA:114,5,0,0
BRDA:114,5,1,0
BRDA:130,6,0,0
BRDA:130,6,1,0
BRDA:132,7,0,0
BRDA:132,7,1,0
BRDA:138,8,0,0
BRDA:138,8,1,0
BRDA:139,9,0,0
BRDA:139,9,1,0
BRDA:164,10,0,0
BRDA:164,10,1,0
BRDA:181,11,0,0
BRDA:181,11,1,0
BRDA:186,12,0,0
BRDA:186,12,1,0
BRDA:200,13,0,0
BRDA:200,13,1,0
BRDA:203,14,0,0
BRDA:203,14,1,0
BRF:30
BRH:0
end_of_record
TN:
SF:src/services/voiceCrypto.ts
FN:15,supportsE2EVoice
FN:30,(anonymous_1)
FN:42,(anonymous_2)
FN:50,(anonymous_3)
FN:54,(anonymous_4)
FN:58,(anonymous_5)
FN:62,(anonymous_6)
FN:66,(anonymous_7)
FN:71,(anonymous_8)
FN:83,encryptFrame
FN:111,decryptFrame
FNF:11
FNH:0
FNDA:0,supportsE2EVoice
FNDA:0,(anonymous_1)
FNDA:0,(anonymous_2)
FNDA:0,(anonymous_3)
FNDA:0,(anonymous_4)
FNDA:0,(anonymous_5)
FNDA:0,(anonymous_6)
FNDA:0,(anonymous_7)
FNDA:0,(anonymous_8)
FNDA:0,encryptFrame
FNDA:0,decryptFrame
DA:10,1
DA:11,1
DA:12,1
DA:16,0
DA:23,1
DA:24,1
DA:25,1
DA:26,1
DA:27,1
DA:31,0
DA:32,0
DA:37,0
DA:38,0
DA:43,0
DA:46,0
DA:47,0
DA:51,0
DA:55,0
DA:59,0
DA:63,0
DA:67,0
DA:68,0
DA:72,0
DA:73,0
DA:74,0
DA:75,0
DA:88,0
DA:91,0
DA:94,0
DA:97,0
DA:98,0
DA:99,0
DA:100,0
DA:101,0
DA:102,0
DA:104,0
DA:115,0
DA:118,0
DA:119,0
DA:120,0
DA:121,0
DA:125,0
DA:126,0
DA:127,0
DA:128,0
DA:130,0
DA:131,0
DA:133,0
DA:136,0
DA:137,0
DA:138,0
LF:51
LH:8
BRDA:118,0,0,0
BRDA:118,0,1,0
BRDA:121,1,0,0
BRDA:121,1,1,0
BRDA:131,2,0,0
BRDA:131,2,1,0
BRF:6
BRH:0
end_of_record
TN:
SF:src/services/webrtc.ts
FNF:0
FNH:0
LF:0
LH:0
BRF:0
BRH:0
end_of_record
TN:
SF:src/services/websocket.ts
FN:25,(anonymous_0)
FN:27,(anonymous_1)
FN:36,(anonymous_2)
FN:44,(anonymous_3)
FN:73,(anonymous_4)
FN:80,(anonymous_5)
FN:90,(anonymous_6)
FN:104,(anonymous_7)
FN:112,(anonymous_8)
FN:121,(anonymous_9)
FN:123,(anonymous_10)
FN:132,(anonymous_11)
FN:140,(anonymous_12)
FN:147,(anonymous_13)
FN:171,(anonymous_14)
FN:192,(anonymous_15)
FN:198,(anonymous_16)
FN:203,(anonymous_17)
FN:206,(anonymous_18)
FN:210,(anonymous_19)
FN:211,(anonymous_20)
FN:224,(anonymous_21)
FN:228,(anonymous_22)
FN:243,(anonymous_23)
FN:252,(anonymous_24)
FN:258,(anonymous_25)
FN:259,(anonymous_26)
FN:261,(anonymous_27)
FN:265,(anonymous_28)
FN:277,(anonymous_29)
FN:278,(anonymous_30)
FN:280,(anonymous_31)
FN:286,(anonymous_32)
FN:291,(anonymous_33)
FN:305,(anonymous_34)
FN:321,(anonymous_35)
FN:343,(anonymous_36)
FN:350,(anonymous_37)
FN:357,(anonymous_38)
FN:364,(anonymous_39)
FN:371,(anonymous_40)
FN:378,(anonymous_41)
FN:385,(anonymous_42)
FN:392,(anonymous_43)
FN:399,(anonymous_44)
FN:406,(anonymous_45)
FN:413,(anonymous_46)
FN:423,(anonymous_47)
FN:430,(anonymous_48)
FN:438,(anonymous_49)
FN:445,(anonymous_50)
FN:452,(anonymous_51)
FN:459,(anonymous_52)
FN:471,(anonymous_53)
FN:478,(anonymous_54)
FN:490,(anonymous_55)
FN:499,(anonymous_56)
FN:509,(anonymous_57)
FN:516,(anonymous_58)
FN:523,(anonymous_59)
FN:530,(anonymous_60)
FN:537,(anonymous_61)
FN:544,(anonymous_62)
FN:558,(anonymous_63)
FN:566,(anonymous_64)
FN:573,(anonymous_65)
FN:580,(anonymous_66)
FN:587,(anonymous_67)
FN:594,(anonymous_68)
FN:604,enableMockWs
FNF:70
FNH:7
FNDA:6,(anonymous_0)
FNDA:60,(anonymous_1)
FNDA:0,(anonymous_2)
FNDA:0,(anonymous_3)
FNDA:0,(anonymous_4)
FNDA:0,(anonymous_5)
FNDA:0,(anonymous_6)
FNDA:0,(anonymous_7)
FNDA:0,(anonymous_8)
FNDA:0,(anonymous_9)
FNDA:0,(anonymous_10)
FNDA:0,(anonymous_11)
FNDA:0,(anonymous_12)
FNDA:0,(anonymous_13)
FNDA:0,(anonymous_14)
FNDA:0,(anonymous_15)
FNDA:264,(anonymous_16)
FNDA:249,(anonymous_17)
FNDA:249,(anonymous_18)
FNDA:0,(anonymous_19)
FNDA:0,(anonymous_20)
FNDA:0,(anonymous_21)
FNDA:76,(anonymous_22)
FNDA:0,(anonymous_23)
FNDA:0,(anonymous_24)
FNDA:0,(anonymous_25)
FNDA:0,(anonymous_26)
FNDA:0,(anonymous_27)
FNDA:0,(anonymous_28)
FNDA:0,(anonymous_29)
FNDA:0,(anonymous_30)
FNDA:0,(anonymous_31)
FNDA:0,(anonymous_32)
FNDA:0,(anonymous_33)
FNDA:0,(anonymous_34)
FNDA:0,(anonymous_35)
FNDA:0,(anonymous_36)
FNDA:0,(anonymous_37)
FNDA:0,(anonymous_38)
FNDA:0,(anonymous_39)
FNDA:0,(anonymous_40)
FNDA:0,(anonymous_41)
FNDA:0,(anonymous_42)
FNDA:0,(anonymous_43)
FNDA:0,(anonymous_44)
FNDA:0,(anonymous_45)
FNDA:76,(anonymous_46)
FNDA:0,(anonymous_47)
FNDA:0,(anonymous_48)
FNDA:0,(anonymous_49)
FNDA:0,(anonymous_50)
FNDA:0,(anonymous_51)
FNDA:0,(anonymous_52)
FNDA:0,(anonymous_53)
FNDA:0,(anonymous_54)
FNDA:0,(anonymous_55)
FNDA:0,(anonymous_56)
FNDA:0,(anonymous_57)
FNDA:0,(anonymous_58)
FNDA:0,(anonymous_59)
FNDA:0,(anonymous_60)
FNDA:0,(anonymous_61)
FNDA:0,(anonymous_62)
FNDA:0,(anonymous_63)
FNDA:0,(anonymous_64)
FNDA:0,(anonymous_65)
FNDA:0,(anonymous_66)
FNDA:0,(anonymous_67)
FNDA:0,(anonymous_68)
FNDA:0,enableMockWs
DA:11,6
DA:12,6
DA:15,6
DA:16,6
DA:17,6
DA:18,6
DA:19,6
DA:20,6
DA:21,6
DA:22,6
DA:23,6
DA:27,60
DA:28,6
DA:29,6
DA:30,6
DA:31,6
DA:32,6
DA:37,0
DA:57,0
DA:58,0
DA:59,0
DA:60,0
DA:61,0
DA:62,0
DA:64,0
DA:65,0
DA:66,0
DA:67,0
DA:69,0
DA:70,0
DA:74,0
DA:75,0
DA:77,0
DA:78,0
DA:80,0
DA:81,0
DA:82,0
DA:83,0
DA:84,0
DA:90,0
DA:91,0
DA:92,0
DA:93,0
DA:94,0
DA:95,0
DA:97,0
DA:98,0
DA:104,0
DA:105,0
DA:106,0
DA:107,0
DA:108,0
DA:109,0
DA:112,0
DA:116,0
DA:122,0
DA:123,0
DA:125,0
DA:126,0
DA:129,0
DA:133,0
DA:134,0
DA:135,0
DA:136,0
DA:141,0
DA:143,0
DA:144,0
DA:145,0
DA:147,0
DA:148,0
DA:149,0
DA:152,0
DA:153,0
DA:154,0
DA:155,0
DA:156,0
DA:157,0
DA:158,0
DA:165,0
DA:168,0
DA:172,0
DA:173,0
DA:175,0
DA:176,0
DA:177,0
DA:178,0
DA:181,0
DA:183,0
DA:184,0
DA:185,0
DA:186,0
DA:187,0
DA:193,0
DA:194,0
DA:199,264
DA:200,12
DA:202,264
DA:203,264
DA:207,249
DA:211,0
DA:212,0
DA:213,0
DA:225,0
DA:229,76
DA:230,76
DA:231,0
DA:232,0
DA:234,76
DA:235,76
DA:236,76
DA:237,76
DA:239,76
DA:244,0
DA:245,0
DA:246,0
DA:247,0
DA:248,0
DA:253,0
DA:254,0
DA:259,0
DA:260,0
DA:261,0
DA:262,0
DA:263,0
DA:265,0
DA:266,0
DA:267,0
DA:268,0
DA:270,0
DA:275,6
DA:278,0
DA:279,0
DA:280,0
DA:281,0
DA:282,0
DA:285,0
DA:287,0
DA:288,0
DA:289,0
DA:292,0
DA:293,0
DA:294,0
DA:298,0
DA:306,0
DA:312,0
DA:313,0
DA:314,0
DA:315,0
DA:317,0
DA:330,0
DA:344,0
DA:351,0
DA:358,0
DA:365,0
DA:372,0
DA:379,0
DA:386,0
DA:393,0
DA:400,0
DA:407,0
DA:414,76
DA:424,0
DA:431,0
DA:439,0
DA:446,0
DA:453,0
DA:460,0
DA:472,0
DA:479,0
DA:491,0
DA:500,0
DA:510,0
DA:517,0
DA:524,0
DA:531,0
DA:538,0
DA:550,0
DA:559,0
DA:567,0
DA:574,0
DA:581,0
DA:588,0
DA:595,0
DA:602,6
DA:605,0
DA:606,0
DA:607,0
DA:608,0
DA:609,0
DA:612,0
DA:613,0
LF:191
LH:32
BRDA:28,0,0,6
BRDA:28,0,1,0
BRDA:59,1,0,0
BRDA:59,1,1,0
BRDA:59,2,0,0
BRDA:59,2,1,0
BRDA:59,2,2,0
BRDA:61,3,0,0
BRDA:61,3,1,0
BRDA:66,4,0,0
BRDA:66,4,1,0
BRDA:75,5,0,0
BRDA:75,5,1,0
BRDA:93,6,0,0
BRDA:93,6,1,0
BRDA:125,7,0,0
BRDA:125,7,1,0
BRDA:134,8,0,0
BRDA:134,8,1,0
BRDA:141,9,0,0
BRDA:141,9,1,0
BRDA:143,10,0,0
BRDA:143,10,1,0
BRDA:149,11,0,0
BRDA:149,11,1,0
BRDA:153,12,0,0
BRDA:153,12,1,0
BRDA:157,13,0,0
BRDA:157,13,1,0
BRDA:176,14,0,0
BRDA:176,14,1,0
BRDA:184,15,0,0
BRDA:184,15,1,0
BRDA:199,16,0,12
BRDA:199,16,1,252
BRDA:230,17,0,0
BRDA:230,17,1,76
BRDA:234,18,0,76
BRDA:234,18,1,4
BRDA:235,19,0,76
BRDA:235,19,1,0
BRDA:245,20,0,0
BRDA:245,20,1,0
BRDA:245,21,0,0
BRDA:245,21,1,0
BRDA:277,22,0,0
BRDA:313,23,0,0
BRDA:313,23,1,0
BRDA:314,24,0,0
BRDA:314,24,1,0
BRDA:317,25,0,0
BRDA:317,25,1,0
BRDA:325,26,0,0
BRDA:336,27,0,0
BRDA:336,27,1,0
BRDA:337,28,0,0
BRDA:337,28,1,0
BRDA:338,29,0,0
BRDA:338,29,1,0
BRDA:433,30,0,0
BRDA:433,30,1,0
BRDA:464,31,0,0
BRDA:464,31,1,0
BRDA:465,32,0,0
BRDA:465,32,1,0
BRDA:466,33,0,0
BRDA:466,33,1,0
BRDA:566,34,0,0
BRDA:607,35,0,0
BRDA:607,35,1,0
BRDA:609,36,0,0
BRDA:609,36,1,0
BRF:72
BRH:7
end_of_record
TN:
SF:src/services/crypto/aesGcm.ts
FN:14,aesGcmEncrypt
FN:27,aesGcmDecrypt
FNF:2
FNH:0
FNDA:0,aesGcmEncrypt
FNDA:0,aesGcmDecrypt
DA:15,0
DA:16,0
DA:19,0
DA:24,0
DA:28,0
DA:29,0
DA:30,0
DA:31,0
DA:34,0
DA:39,0
LF:10
LH:0
BRDA:28,0,0,0
BRDA:28,0,1,0
BRF:2
BRH:0
end_of_record
TN:
SF:src/services/crypto/cryptoManager.ts
FN:48,(anonymous_0)
FN:58,(anonymous_1)
FN:65,(anonymous_2)
FN:69,(anonymous_3)
FN:79,(anonymous_4)
FN:115,(anonymous_5)
FN:119,(anonymous_6)
FN:136,(anonymous_7)
FN:146,(anonymous_8)
FN:216,(anonymous_9)
FN:225,(anonymous_10)
FN:256,(anonymous_11)
FN:273,(anonymous_12)
FN:288,(anonymous_13)
FN:305,(anonymous_14)
FN:325,(anonymous_15)
FN:333,(anonymous_16)
FN:353,(anonymous_17)
FN:358,(anonymous_18)
FN:369,(anonymous_19)
FN:373,(anonymous_20)
FN:397,(anonymous_21)
FN:406,(anonymous_22)
FN:413,(anonymous_23)
FN:423,(anonymous_24)
FN:427,(anonymous_25)
FN:444,(anonymous_26)
FN:447,(anonymous_27)
FN:458,(anonymous_28)
FN:489,(anonymous_29)
FN:493,(anonymous_30)
FN:496,(anonymous_31)
FN:500,(anonymous_32)
FN:512,(anonymous_33)
FN:536,(anonymous_34)
FNF:35
FNH:0
FNDA:0,(anonymous_0)
FNDA:0,(anonymous_1)
FNDA:0,(anonymous_2)
FNDA:0,(anonymous_3)
FNDA:0,(anonymous_4)
FNDA:0,(anonymous_5)
FNDA:0,(anonymous_6)
FNDA:0,(anonymous_7)
FNDA:0,(anonymous_8)
FNDA:0,(anonymous_9)
FNDA:0,(anonymous_10)
FNDA:0,(anonymous_11)
FNDA:0,(anonymous_12)
FNDA:0,(anonymous_13)
FNDA:0,(anonymous_14)
FNDA:0,(anonymous_15)
FNDA:0,(anonymous_16)
FNDA:0,(anonymous_17)
FNDA:0,(anonymous_18)
FNDA:0,(anonymous_19)
FNDA:0,(anonymous_20)
FNDA:0,(anonymous_21)
FNDA:0,(anonymous_22)
FNDA:0,(anonymous_23)
FNDA:0,(anonymous_24)
FNDA:0,(anonymous_25)
FNDA:0,(anonymous_26)
FNDA:0,(anonymous_27)
FNDA:0,(anonymous_28)
FNDA:0,(anonymous_29)
FNDA:0,(anonymous_30)
FNDA:0,(anonymous_31)
FNDA:0,(anonymous_32)
FNDA:0,(anonymous_33)
FNDA:0,(anonymous_34)
DA:44,0
DA:45,0
DA:46,0
DA:53,0
DA:54,0
DA:55,0
DA:59,0
DA:66,0
DA:70,0
DA:75,0
DA:76,0
DA:80,0
DA:84,0
DA:85,0
DA:86,0
DA:93,0
DA:98,0
DA:102,0
DA:103,0
DA:108,0
DA:113,0
DA:114,0
DA:115,0
DA:122,0
DA:123,0
DA:124,0
DA:125,0
DA:133,0
DA:134,0
DA:135,0
DA:136,0
DA:137,0
DA:140,0
DA:141,0
DA:142,0
DA:143,0
DA:153,0
DA:154,0
DA:155,0
DA:156,0
DA:157,0
DA:161,0
DA:165,0
DA:166,0
DA:167,0
DA:168,0
DA:169,0
DA:170,0
DA:171,0
DA:174,0
DA:181,0
DA:182,0
DA:186,0
DA:187,0
DA:191,0
DA:192,0
DA:193,0
DA:194,0
DA:200,0
DA:207,0
DA:208,0
DA:210,0
DA:211,0
DA:212,0
DA:215,0
DA:216,0
DA:218,0
DA:226,0
DA:227,0
DA:229,0
DA:230,0
DA:231,0
DA:232,0
DA:233,0
DA:234,0
DA:237,0
DA:244,0
DA:264,0
DA:265,0
DA:267,0
DA:268,0
DA:269,0
DA:270,0
DA:274,0
DA:275,0
DA:277,0
DA:278,0
DA:279,0
DA:289,0
DA:290,0
DA:291,0
DA:292,0
DA:296,0
DA:298,0
DA:306,0
DA:307,0
DA:308,0
DA:312,0
DA:314,0
DA:320,0
DA:326,0
DA:327,0
DA:328,0
DA:329,0
DA:330,0
DA:334,0
DA:335,0
DA:337,0
DA:338,0
DA:339,0
DA:340,0
DA:341,0
DA:342,0
DA:343,0
DA:345,0
DA:348,0
DA:350,0
DA:351,0
DA:353,0
DA:355,0
DA:363,0
DA:364,0
DA:365,0
DA:367,0
DA:368,0
DA:369,0
DA:370,0
DA:376,0
DA:377,0
DA:378,0
DA:380,0
DA:381,0
DA:383,0
DA:384,0
DA:385,0
DA:386,0
DA:387,0
DA:389,0
DA:392,0
DA:395,0
DA:396,0
DA:397,0
DA:398,0
DA:407,0
DA:416,0
DA:417,0
DA:419,0
DA:420,0
DA:421,0
DA:422,0
DA:423,0
DA:424,0
DA:429,0
DA:430,0
DA:431,0
DA:432,0
DA:434,0
DA:442,0
DA:443,0
DA:444,0
DA:451,0
DA:452,0
DA:454,0
DA:455,0
DA:463,0
DA:464,0
DA:473,0
DA:486,6
DA:490,0
DA:493,0
DA:496,0
DA:500,0
DA:513,0
DA:514,0
DA:515,0
DA:516,0
DA:520,0
DA:521,0
DA:522,0
DA:523,0
DA:526,0
DA:527,0
DA:528,0
DA:529,0
DA:532,0
DA:533,0
DA:534,0
DA:536,0
LF:188
LH:1
BRDA:69,0,0,0
BRDA:80,1,0,0
BRDA:80,1,1,0
BRDA:84,2,0,0
BRDA:84,2,1,0
BRDA:114,3,0,0
BRDA:114,3,1,0
BRDA:122,4,0,0
BRDA:122,4,1,0
BRDA:134,5,0,0
BRDA:134,5,1,0
BRDA:141,6,0,0
BRDA:141,6,1,0
BRDA:153,7,0,0
BRDA:153,7,1,0
BRDA:156,8,0,0
BRDA:156,8,1,0
BRDA:161,9,0,0
BRDA:161,9,1,0
BRDA:162,10,0,0
BRDA:162,10,1,0
BRDA:166,11,0,0
BRDA:166,11,1,0
BRDA:170,12,0,0
BRDA:170,12,1,0
BRDA:182,13,0,0
BRDA:182,13,1,0
BRDA:191,14,0,0
BRDA:191,14,1,0
BRDA:200,15,0,0
BRDA:200,15,1,0
BRDA:207,16,0,0
BRDA:207,16,1,0
BRDA:215,17,0,0
BRDA:215,17,1,0
BRDA:226,18,0,0
BRDA:226,18,1,0
BRDA:231,19,0,0
BRDA:231,19,1,0
BRDA:233,20,0,0
BRDA:233,20,1,0
BRDA:264,21,0,0
BRDA:264,21,1,0
BRDA:274,22,0,0
BRDA:274,22,1,0
BRDA:289,23,0,0
BRDA:289,23,1,0
BRDA:290,24,0,0
BRDA:290,24,1,0
BRDA:306,25,0,0
BRDA:306,25,1,0
BRDA:306,26,0,0
BRDA:306,26,1,0
BRDA:326,27,0,0
BRDA:326,27,1,0
BRDA:327,28,0,0
BRDA:327,28,1,0
BRDA:328,29,0,0
BRDA:328,29,1,0
BRDA:335,30,0,0
BRDA:335,30,1,0
BRDA:338,31,0,0
BRDA:338,31,1,0
BRDA:363,32,0,0
BRDA:363,32,1,0
BRDA:376,33,0,0
BRDA:376,33,1,0
BRDA:381,34,0,0
BRDA:381,34,1,0
BRDA:384,35,0,0
BRDA:384,35,1,0
BRDA:407,36,0,0
BRDA:407,36,1,0
BRDA:416,37,0,0
BRDA:416,37,1,0
BRDA:420,38,0,0
BRDA:420,38,1,0
BRDA:430,39,0,0
BRDA:430,39,1,0
BRDA:451,40,0,0
BRDA:451,40,1,0
BRDA:498,41,0,0
BRDA:498,41,1,0
BRDA:513,42,0,0
BRDA:513,42,1,0
BRDA:515,43,0,0
BRDA:515,43,1,0
BRDA:521,44,0,0
BRDA:521,44,1,0
BRDA:521,45,0,0
BRDA:521,45,1,0
BRDA:527,46,0,0
BRDA:527,46,1,0
BRDA:532,47,0,0
BRDA:532,47,1,0
BRDA:532,48,0,0
BRDA:532,48,1,0
BRF:97
BRH:0
end_of_record
TN:
SF:src/services/crypto/ed25519.ts
FN:11,generateEd25519KeyPair
FN:21,ed25519Sign
FN:28,ed25519Verify
FN:37,importEd25519PublicKey
FN:41,exportEd25519PrivateKey
FN:46,importEd25519PrivateKey
FNF:6
FNH:0
FNDA:0,generateEd25519KeyPair
FNDA:0,ed25519Sign
FNDA:0,ed25519Verify
FNDA:0,importEd25519PublicKey
FNDA:0,exportEd25519PrivateKey
FNDA:0,importEd25519PrivateKey
DA:12,0
DA:13,0
DA:14,0
DA:22,0
DA:24,0
DA:25,0
DA:33,0
DA:34,0
DA:38,0
DA:42,0
DA:43,0
DA:47,0
LF:12
LH:0
BRF:0
BRH:0
end_of_record
TN:
SF:src/services/crypto/groupSession.ts
FN:41,(anonymous_0)
FN:46,(anonymous_1)
FN:72,(anonymous_2)
FN:81,(anonymous_3)
FN:100,(anonymous_4)
FN:106,(anonymous_5)
FN:129,(anonymous_6)
FN:149,(anonymous_7)
FN:199,(anonymous_8)
FN:200,(anonymous_9)
FN:211,(anonymous_10)
FN:216,(anonymous_11)
FN:217,(anonymous_12)
FNF:13
FNH:2
FNDA:0,(anonymous_0)
FNDA:6,(anonymous_1)
FNDA:0,(anonymous_2)
FNDA:0,(anonymous_3)
FNDA:0,(anonymous_4)
FNDA:0,(anonymous_5)
FNDA:0,(anonymous_6)
FNDA:0,(anonymous_7)
FNDA:0,(anonymous_8)
FNDA:0,(anonymous_9)
FNDA:0,(anonymous_10)
FNDA:6,(anonymous_11)
FNDA:0,(anonymous_12)
DA:39,0
DA:42,0
DA:43,0
DA:47,0
DA:48,0
DA:49,0
DA:51,0
DA:61,0
DA:69,0
DA:73,0
DA:90,0
DA:101,0
DA:107,0
DA:108,0
DA:109,0
DA:111,0
DA:120,0
DA:130,0
DA:131,0
DA:133,0
DA:135,0
DA:136,0
DA:137,0
DA:139,0
DA:145,0
DA:146,0
DA:150,0
DA:151,0
DA:154,0
DA:155,0
DA:160,0
DA:169,0
DA:170,0
DA:176,0
DA:177,0
DA:178,0
DA:184,0
DA:185,0
DA:186,0
DA:187,0
DA:190,0
DA:191,0
DA:193,0
DA:194,0
DA:195,0
DA:200,0
DA:207,0
DA:211,0
DA:217,0
DA:224,0
DA:228,0
DA:229,0
DA:230,0
DA:232,0
LF:54
LH:0
BRDA:95,0,0,0
BRDA:95,0,1,0
BRDA:135,1,0,0
BRDA:135,1,1,0
BRDA:151,2,0,0
BRDA:151,2,1,0
BRDA:160,3,0,0
BRDA:160,3,1,0
BRDA:169,4,0,0
BRDA:169,4,1,0
BRDA:177,5,0,0
BRDA:177,5,1,0
BRDA:203,6,0,0
BRDA:203,6,1,0
BRDA:220,7,0,0
BRDA:220,7,1,0
BRF:16
BRH:0
end_of_record
TN:
SF:src/services/crypto/helpers.ts
FN:6,concatBytes
FN:7,(anonymous_1)
FN:17,bytesEqual
FN:24,randomBytes
FN:30,toBase64
FN:38,fromBase64
FN:47,fromBase64url
FNF:7
FNH:0
FNDA:0,concatBytes
FNDA:0,(anonymous_1)
FNDA:0,bytesEqual
FNDA:0,randomBytes
FNDA:0,toBase64
FNDA:0,fromBase64
FNDA:0,fromBase64url
DA:3,6
DA:4,6
DA:7,0
DA:8,0
DA:9,0
DA:10,0
DA:11,0
DA:12,0
DA:14,0
DA:18,0
DA:19,0
DA:20,0
DA:21,0
DA:25,0
DA:26,0
DA:27,0
DA:31,0
DA:32,0
DA:33,0
DA:35,0
DA:39,0
DA:40,0
DA:41,0
DA:42,0
DA:44,0
DA:48,0
DA:49,0
DA:50,0
LF:28
LH:2
BRDA:18,0,0,0
BRDA:18,0,1,0
BRDA:42,1,0,0
BRDA:42,1,1,0
BRDA:50,2,0,0
BRDA:50,2,1,0
BRF:6
BRH:0
end_of_record
TN:
SF:src/services/crypto/hkdf.ts
FN:7,hkdfDerive
FN:17,kdfRoot
FN:26,kdfChain
FNF:3
FNH:0
FNDA:0,hkdfDerive
FNDA:0,kdfRoot
FNDA:0,kdfChain
DA:13,0
DA:21,0
DA:22,0
DA:27,0
DA:28,0
DA:29,0
LF:6
LH:0
BRDA:13,0,0,0
BRDA:13,0,1,0
BRF:2
BRH:0
end_of_record
TN:
SF:src/services/crypto/index.ts
FNF:0
FNH:0
LF:0
LH:0
BRF:0
BRH:0
end_of_record
TN:
SF:src/services/crypto/prekeys.ts
FN:22,generatePrekeyBundle
FN:46,(anonymous_1)
FN:52,(anonymous_2)
FNF:3
FNH:0
FNDA:0,generatePrekeyBundle
FNDA:0,(anonymous_1)
FNDA:0,(anonymous_2)
DA:28,0
DA:29,0
DA:32,0
DA:33,0
DA:34,0
DA:38,0
DA:39,0
DA:41,0
DA:46,0
DA:49,0
DA:52,0
DA:57,0
LF:12
LH:0
BRF:0
BRH:0
end_of_record
TN:
SF:src/services/crypto/ratchet.ts
FN:38,generateDhKeypair
FN:46,skippedKeyId
FN:71,(anonymous_2)
FN:81,(anonymous_3)
FN:106,(anonymous_4)
FN:127,(anonymous_5)
FN:157,(anonymous_6)
FN:188,(anonymous_7)
FN:209,(anonymous_8)
FN:234,(anonymous_9)
FN:246,(anonymous_10)
FN:253,(anonymous_11)
FN:268,(anonymous_12)
FNF:13
FNH:3
FNDA:0,generateDhKeypair
FNDA:0,skippedKeyId
FNDA:0,(anonymous_2)
FNDA:6,(anonymous_3)
FNDA:6,(anonymous_4)
FNDA:0,(anonymous_5)
FNDA:0,(anonymous_6)
FNDA:0,(anonymous_7)
FNDA:0,(anonymous_8)
FNDA:0,(anonymous_9)
FNDA:0,(anonymous_10)
FNDA:6,(anonymous_11)
FNDA:0,(anonymous_12)
DA:39,0
DA:40,0
DA:47,0
DA:66,6
DA:72,0
DA:86,0
DA:87,0
DA:88,0
DA:89,0
DA:91,0
DA:107,0
DA:110,0
DA:111,0
DA:113,0
DA:128,0
DA:129,0
DA:131,0
DA:132,0
DA:135,0
DA:136,0
DA:138,0
DA:147,0
DA:148,0
DA:149,0
DA:151,0
DA:153,0
DA:154,0
DA:158,0
DA:161,0
DA:162,0
DA:163,0
DA:164,0
DA:165,0
DA:169,0
DA:171,0
DA:172,0
DA:173,0
DA:175,0
DA:178,0
DA:180,0
DA:181,0
DA:182,0
DA:183,0
DA:185,0
DA:189,0
DA:190,0
DA:191,0
DA:193,0
DA:194,0
DA:195,0
DA:196,0
DA:197,0
DA:201,0
DA:202,0
DA:203,0
DA:205,0
DA:210,0
DA:211,0
DA:212,0
DA:213,0
DA:216,0
DA:217,0
DA:218,0
DA:219,0
DA:220,0
DA:221,0
DA:224,0
DA:225,0
DA:226,0
DA:227,0
DA:228,0
DA:229,0
DA:230,0
DA:235,0
DA:246,0
DA:254,0
DA:255,0
DA:268,0
LF:78
LH:1
BRDA:84,0,0,0
BRDA:128,1,0,0
BRDA:128,1,1,0
BRDA:131,2,0,0
BRDA:131,2,1,0
BRDA:147,3,0,0
BRDA:147,3,1,0
BRDA:163,4,0,0
BRDA:163,4,1,0
BRDA:169,5,0,0
BRDA:169,5,1,0
BRDA:171,6,0,0
BRDA:171,6,1,0
BRDA:172,7,0,0
BRDA:172,7,1,0
BRDA:180,8,0,0
BRDA:180,8,1,0
BRDA:189,9,0,0
BRDA:189,9,1,0
BRDA:190,10,0,0
BRDA:190,10,1,0
BRDA:193,11,0,0
BRDA:193,11,1,0
BRDA:198,12,0,0
BRDA:198,12,1,0
BRDA:216,13,0,0
BRDA:216,13,1,0
BRDA:237,14,0,0
BRDA:237,14,1,0
BRDA:241,15,0,0
BRDA:241,15,1,0
BRDA:243,16,0,0
BRDA:243,16,1,0
BRDA:244,17,0,0
BRDA:244,17,1,0
BRDA:256,18,0,0
BRDA:256,18,1,0
BRDA:260,19,0,0
BRDA:260,19,1,0
BRDA:262,20,0,0
BRDA:262,20,1,0
BRDA:263,21,0,0
BRDA:263,21,1,0
BRDA:270,22,0,0
BRDA:270,22,1,0
BRF:45
BRH:0
end_of_record
TN:
SF:src/services/crypto/safetyNumbers.ts
FN:6,generateSafetyNumber
FN:12,fingerprint
FNF:2
FNH:0
FNDA:0,generateSafetyNumber
FNDA:0,fingerprint
DA:13,0
DA:19,0
DA:20,0
DA:21,0
DA:23,0
DA:26,0
DA:27,0
DA:30,0
DA:32,0
DA:33,0
DA:34,0
DA:35,0
DA:36,0
DA:37,0
DA:38,0
DA:42,0
DA:45,0
LF:17
LH:0
BRDA:30,0,0,0
BRDA:30,0,1,0
BRDA:34,1,0,0
BRDA:34,1,1,0
BRDA:36,2,0,0
BRDA:36,2,1,0
BRF:6
BRH:0
end_of_record
TN:
SF:src/services/crypto/sessionEncryption.ts
FN:7,passphraseToKey
FN:17,encryptSessionData
FN:30,decryptSessionData
FNF:3
FNH:0
FNDA:0,passphraseToKey
FNDA:0,encryptSessionData
FNDA:0,decryptSessionData
DA:8,0
DA:18,0
DA:19,0
DA:20,0
DA:21,0
DA:23,0
DA:24,0
DA:25,0
DA:26,0
DA:31,0
DA:32,0
DA:33,0
DA:34,0
DA:35,0
DA:36,0
LF:15
LH:0
BRDA:31,0,0,0
BRDA:31,0,1,0
BRF:2
BRH:0
end_of_record
TN:
SF:src/services/crypto/sessionStore.ts
FN:29,ensureWorkerInit
FN:52,deriveSessionKey
FN:75,encryptSession
FN:89,decryptSession
FN:91,(anonymous_4)
FN:103,getSessionKey
FN:111,openDB
FN:112,(anonymous_7)
FN:114,(anonymous_8)
FN:120,(anonymous_9)
FN:121,(anonymous_10)
FN:126,saveGroupSession
FN:136,(anonymous_12)
FN:141,(anonymous_13)
FN:142,(anonymous_14)
FN:147,loadGroupSession
FN:155,(anonymous_16)
FN:159,(anonymous_17)
FN:169,(anonymous_18)
FN:170,(anonymous_19)
FN:175,loadAllGroupSessions
FN:183,(anonymous_21)
FN:187,(anonymous_22)
FN:199,(anonymous_23)
FN:200,(anonymous_24)
FN:205,deleteGroupSession
FN:211,(anonymous_26)
FN:215,(anonymous_27)
FN:216,(anonymous_28)
FNF:29
FNH:0
FNDA:0,ensureWorkerInit
FNDA:0,deriveSessionKey
FNDA:0,encryptSession
FNDA:0,decryptSession
FNDA:0,(anonymous_4)
FNDA:0,getSessionKey
FNDA:0,openDB
FNDA:0,(anonymous_7)
FNDA:0,(anonymous_8)
FNDA:0,(anonymous_9)
FNDA:0,(anonymous_10)
FNDA:0,saveGroupSession
FNDA:0,(anonymous_12)
FNDA:0,(anonymous_13)
FNDA:0,(anonymous_14)
FNDA:0,loadGroupSession
FNDA:0,(anonymous_16)
FNDA:0,(anonymous_17)
FNDA:0,(anonymous_18)
FNDA:0,(anonymous_19)
FNDA:0,loadAllGroupSessions
FNDA:0,(anonymous_21)
FNDA:0,(anonymous_22)
FNDA:0,(anonymous_23)
FNDA:0,(anonymous_24)
FNDA:0,deleteGroupSession
FNDA:0,(anonymous_26)
FNDA:0,(anonymous_27)
FNDA:0,(anonymous_28)
DA:30,0
DA:31,0
DA:32,0
DA:33,0
DA:34,0
DA:35,0
DA:36,0
DA:39,6
DA:40,6
DA:41,6
DA:53,0
DA:54,0
DA:61,0
DA:76,0
DA:77,0
DA:78,0
DA:83,0
DA:84,0
DA:85,0
DA:86,0
DA:90,0
DA:91,0
DA:92,0
DA:93,0
DA:94,0
DA:95,0
DA:100,0
DA:104,0
DA:105,0
DA:106,0
DA:112,0
DA:113,0
DA:114,0
DA:115,0
DA:116,0
DA:117,0
DA:120,0
DA:121,0
DA:127,0
DA:128,0
DA:129,0
DA:131,0
DA:132,0
DA:134,0
DA:135,0
DA:136,0
DA:137,0
DA:138,0
DA:139,0
DA:140,0
DA:141,0
DA:142,0
DA:148,0
DA:149,0
DA:151,0
DA:152,0
DA:154,0
DA:155,0
DA:156,0
DA:157,0
DA:158,0
DA:159,0
DA:160,0
DA:161,0
DA:162,0
DA:163,0
DA:164,0
DA:166,0
DA:169,0
DA:170,0
DA:176,0
DA:177,0
DA:179,0
DA:180,0
DA:182,0
DA:183,0
DA:184,0
DA:185,0
DA:186,0
DA:187,0
DA:188,0
DA:189,0
DA:190,0
DA:191,0
DA:192,0
DA:197,0
DA:199,0
DA:200,0
DA:206,0
DA:207,0
DA:208,0
DA:210,0
DA:211,0
DA:212,0
DA:213,0
DA:214,0
DA:215,0
DA:216,0
LF:98
LH:3
BRDA:30,0,0,0
BRDA:30,0,1,0
BRDA:31,1,0,0
BRDA:31,1,1,0
BRDA:32,2,0,0
BRDA:32,2,1,0
BRDA:34,3,0,0
BRDA:34,3,1,0
BRDA:92,4,0,0
BRDA:92,4,1,0
BRDA:105,5,0,0
BRDA:105,5,1,0
BRDA:116,6,0,0
BRDA:116,6,1,0
BRDA:121,7,0,0
BRDA:121,7,1,0
BRDA:127,8,0,0
BRDA:127,8,1,0
BRDA:132,9,0,0
BRDA:132,9,1,0
BRDA:142,10,0,0
BRDA:142,10,1,0
BRDA:148,11,0,0
BRDA:148,11,1,0
BRDA:152,12,0,0
BRDA:152,12,1,0
BRDA:161,13,0,0
BRDA:161,13,1,0
BRDA:169,14,0,0
BRDA:169,14,1,0
BRDA:176,15,0,0
BRDA:176,15,1,0
BRDA:180,16,0,0
BRDA:180,16,1,0
BRDA:199,17,0,0
BRDA:199,17,1,0
BRDA:206,18,0,0
BRDA:206,18,1,0
BRDA:216,19,0,0
BRDA:216,19,1,0
BRF:40
BRH:0
end_of_record
TN:
SF:src/services/crypto/workerClient.ts
FN:40,getWorker
FN:43,(anonymous_1)
FN:55,(anonymous_2)
FN:69,call
FN:70,(anonymous_4)
FN:73,(anonymous_5)
FN:90,setCryptoBackend
FN:94,getCryptoBackend
FN:109,safetyNumberInWorker
FN:116,(anonymous_9)
FN:119,(anonymous_10)
FN:146,sessionInitInWorker
FN:154,isSessionInitInWorker
FN:158,sessionSaveInWorker
FN:165,sessionLoadInWorker
FN:171,sessionLoadAllInWorker
FN:181,sessionDeleteInWorker
FN:193,groupSessionEncryptInWorker
FN:201,groupSessionDecryptInWorker
FN:208,groupSessionProcessDistributionInWorker
FN:220,groupSessionRotateMyKeyInWorker
FN:227,groupSessionGetDistributionInWorker
FN:236,pairwiseSessionSaveInWorker
FN:243,pairwiseSessionLoadInWorker
FN:249,pairwiseSessionLoadAllInWorker
FN:259,pairwiseSessionDeleteInWorker
FN:263,pairwiseSessionEncryptInWorker
FN:274,pairwiseSessionDecryptInWorker
FN:289,identityInitInWorker
FN:304,isIdentityInitInWorker
FN:308,wrapForPeerInWorker
FN:318,unwrapFromPeerInWorker
FN:331,prekeyVaultSaveInWorker
FN:341,prekeyVaultClearInWorker
FN:353,pairwiseSessionBootstrapAliceInWorker
FN:360,pairwiseSessionBootstrapBobInWorker
FN:367,bytesToB64
FN:373,b64ToBytes
FN:381,__resetCryptoWorkerForTests
FNF:39
FNH:0
FNDA:0,getWorker
FNDA:0,(anonymous_1)
FNDA:0,(anonymous_2)
FNDA:0,call
FNDA:0,(anonymous_4)
FNDA:0,(anonymous_5)
FNDA:0,setCryptoBackend
FNDA:0,getCryptoBackend
FNDA:0,safetyNumberInWorker
FNDA:0,(anonymous_9)
FNDA:0,(anonymous_10)
FNDA:0,sessionInitInWorker
FNDA:0,isSessionInitInWorker
FNDA:0,sessionSaveInWorker
FNDA:0,sessionLoadInWorker
FNDA:0,sessionLoadAllInWorker
FNDA:0,sessionDeleteInWorker
FNDA:0,groupSessionEncryptInWorker
FNDA:0,groupSessionDecryptInWorker
FNDA:0,groupSessionProcessDistributionInWorker
FNDA:0,groupSessionRotateMyKeyInWorker
FNDA:0,groupSessionGetDistributionInWorker
FNDA:0,pairwiseSessionSaveInWorker
FNDA:0,pairwiseSessionLoadInWorker
FNDA:0,pairwiseSessionLoadAllInWorker
FNDA:0,pairwiseSessionDeleteInWorker
FNDA:0,pairwiseSessionEncryptInWorker
FNDA:0,pairwiseSessionDecryptInWorker
FNDA:0,identityInitInWorker
FNDA:0,isIdentityInitInWorker
FNDA:0,wrapForPeerInWorker
FNDA:0,unwrapFromPeerInWorker
FNDA:0,prekeyVaultSaveInWorker
FNDA:0,prekeyVaultClearInWorker
FNDA:0,pairwiseSessionBootstrapAliceInWorker
FNDA:0,pairwiseSessionBootstrapBobInWorker
FNDA:0,bytesToB64
FNDA:0,b64ToBytes
FNDA:0,__resetCryptoWorkerForTests
DA:35,6
DA:36,6
DA:37,6
DA:38,6
DA:41,0
DA:42,0
DA:43,0
DA:44,0
DA:45,0
DA:46,0
DA:47,0
DA:48,0
DA:49,0
DA:50,0
DA:52,0
DA:55,0
DA:57,0
DA:58,0
DA:59,0
DA:60,0
DA:62,0
DA:63,0
DA:64,0
DA:66,0
DA:70,0
DA:71,0
DA:72,0
DA:73,0
DA:74,0
DA:75,0
DA:77,0
DA:78,0
DA:79,0
DA:88,6
DA:91,0
DA:95,0
DA:115,0
DA:116,0
DA:117,0
DA:119,0
DA:120,0
DA:121,0
DA:122,0
DA:124,0
DA:144,6
DA:147,0
DA:148,0
DA:150,0
DA:151,0
DA:155,0
DA:162,0
DA:168,0
DA:174,0
DA:178,0
DA:182,0
DA:198,0
DA:205,0
DA:213,0
DA:224,0
DA:231,0
DA:240,0
DA:246,0
DA:252,0
DA:256,0
DA:260,0
DA:267,0
DA:278,0
DA:283,6
DA:293,0
DA:294,0
DA:295,0
DA:301,0
DA:305,0
DA:312,0
DA:322,0
DA:326,0
DA:335,0
DA:342,0
DA:357,0
DA:364,0
DA:368,0
DA:369,0
DA:370,0
DA:374,0
DA:375,0
DA:376,0
DA:377,0
DA:382,0
DA:383,0
DA:384,0
DA:386,0
DA:387,0
DA:388,0
DA:390,0
DA:391,0
DA:392,0
DA:393,0
LF:97
LH:7
BRDA:41,0,0,0
BRDA:41,0,1,0
BRDA:44,1,0,0
BRDA:44,1,1,0
BRDA:46,2,0,0
BRDA:46,2,1,0
BRDA:49,3,0,0
BRDA:49,3,1,0
BRDA:52,4,0,0
BRDA:52,4,1,0
BRDA:57,5,0,0
BRDA:57,5,1,0
BRDA:115,6,0,0
BRDA:115,6,1,0
BRDA:115,7,0,0
BRDA:115,7,1,0
BRDA:147,8,0,0
BRDA:147,8,1,0
BRDA:147,9,0,0
BRDA:147,9,1,0
BRDA:293,10,0,0
BRDA:293,10,1,0
BRDA:293,11,0,0
BRDA:293,11,1,0
BRDA:294,12,0,0
BRDA:294,12,1,0
BRDA:297,13,0,0
BRDA:297,13,1,0
BRDA:382,14,0,0
BRDA:382,14,1,0
BRF:30
BRH:0
end_of_record
TN:
SF:src/services/crypto/x25519.ts
FN:11,generateX25519KeyPair
FN:21,x25519DH
FN:31,importX25519PublicKey
FN:35,exportX25519PrivateKey
FN:40,importX25519PrivateKey
FNF:5
FNH:0
FNDA:0,generateX25519KeyPair
FNDA:0,x25519DH
FNDA:0,importX25519PublicKey
FNDA:0,exportX25519PrivateKey
FNDA:0,importX25519PrivateKey
DA:12,0
DA:13,0
DA:14,0
DA:25,0
DA:27,0
DA:28,0
DA:32,0
DA:36,0
DA:37,0
DA:41,0
LF:10
LH:0
BRF:0
BRH:0
end_of_record
TN:
SF:src/services/crypto/x3dh.ts
FN:18,x3dhInitiate
FN:59,x3dhRespond
FNF:2
FNH:0
FNDA:0,x3dhInitiate
FNDA:0,x3dhRespond
DA:23,0
DA:24,0
DA:29,0
DA:31,0
DA:32,0
DA:33,0
DA:36,0
DA:38,0
DA:40,0
DA:42,0
DA:43,0
DA:45,0
DA:46,0
DA:47,0
DA:48,0
DA:49,0
DA:52,0
DA:53,0
DA:67,0
DA:69,0
DA:71,0
DA:73,0
DA:75,0
DA:76,0
DA:77,0
DA:80,0
LF:26
LH:0
BRDA:29,0,0,0
BRDA:29,0,1,0
BRDA:45,1,0,0
BRDA:45,1,1,0
BRDA:75,2,0,0
BRDA:75,2,1,0
BRF:6
BRH:0
end_of_record
TN:
SF:src/services/voiceIsolation/diagnostics.ts
FN:44,createState
FN:58,computePercentiles
FN:90,(anonymous_2)
FN:97,(anonymous_3)
FN:101,(anonymous_4)
FN:105,(anonymous_5)
FN:112,(anonymous_6)
FN:121,(anonymous_7)
FN:127,resetDiagnosticsForTest
FNF:9
FNH:1
FNDA:1,createState
FNDA:0,computePercentiles
FNDA:0,(anonymous_2)
FNDA:0,(anonymous_3)
FNDA:0,(anonymous_4)
FNDA:0,(anonymous_5)
FNDA:0,(anonymous_6)
FNDA:0,(anonymous_7)
FNDA:0,resetDiagnosticsForTest
DA:13,1
DA:16,1
DA:45,1
DA:56,1
DA:62,0
DA:64,0
DA:65,0
DA:67,0
DA:68,0
DA:72,0
DA:73,0
DA:76,0
DA:78,0
DA:80,0
DA:83,0
DA:84,0
DA:86,0
DA:89,1
DA:91,0
DA:92,0
DA:93,0
DA:94,0
DA:98,0
DA:102,0
DA:106,0
DA:107,0
DA:108,0
DA:113,0
DA:114,0
DA:121,0
DA:128,0
LF:31
LH:5
BRDA:62,0,0,0
BRDA:62,0,1,0
BRDA:65,1,0,0
BRDA:65,1,1,0
BRDA:80,2,0,0
BRDA:80,2,1,0
BRDA:94,3,0,0
BRDA:94,3,1,0
BRDA:107,4,0,0
BRDA:107,4,1,0
BRF:10
BRH:0
end_of_record
TN:
SF:src/services/voiceIsolation/dispatcher.ts
FN:38,isDiagnosticsUpdate
FN:46,handleDiagnosticsMessage
FN:85,initializeVoiceIsolation
FN:91,(anonymous_3)
FN:109,(anonymous_4)
FN:110,(anonymous_5)
FN:161,getContext
FN:169,processOutgoing
FN:190,processIncoming
FN:208,tearDownPeer
FN:216,tearDownOutgoing
FN:221,tearDownAll
FN:232,(anonymous_12)
FN:241,resetForTest
FNF:14
FNH:0
FNDA:0,isDiagnosticsUpdate
FNDA:0,handleDiagnosticsMessage
FNDA:0,initializeVoiceIsolation
FNDA:0,(anonymous_3)
FNDA:0,(anonymous_4)
FNDA:0,(anonymous_5)
FNDA:0,getContext
FNDA:0,processOutgoing
FNDA:0,processIncoming
FNDA:0,tearDownPeer
FNDA:0,tearDownOutgoing
FNDA:0,tearDownAll
FNDA:0,(anonymous_12)
FNDA:0,resetForTest
DA:39,0
DA:47,0
DA:48,0
DA:49,0
DA:50,0
DA:52,0
DA:53,0
DA:55,0
DA:56,0
DA:70,1
DA:71,1
DA:72,1
DA:73,1
DA:88,0
DA:89,0
DA:91,0
DA:92,0
DA:93,0
DA:94,0
DA:95,0
DA:97,0
DA:98,0
DA:102,0
DA:105,0
DA:107,0
DA:109,0
DA:110,0
DA:111,0
DA:112,0
DA:113,0
DA:114,0
DA:115,0
DA:116,0
DA:117,0
DA:118,0
DA:121,0
DA:122,0
DA:132,0
DA:138,0
DA:140,0
DA:142,0
DA:143,0
DA:147,0
DA:148,0
DA:152,0
DA:154,0
DA:158,0
DA:162,0
DA:173,0
DA:175,0
DA:176,0
DA:182,0
DA:195,0
DA:197,0
DA:198,0
DA:204,0
DA:205,0
DA:209,0
DA:210,0
DA:211,0
DA:212,0
DA:217,0
DA:218,0
DA:222,0
DA:223,0
DA:224,0
DA:226,0
DA:227,0
DA:228,0
DA:232,0
DA:235,0
DA:242,0
DA:243,0
DA:244,0
DA:245,0
LF:75
LH:4
BRDA:40,0,0,0
BRDA:40,0,1,0
BRDA:40,0,2,0
BRDA:48,1,0,0
BRDA:48,1,1,0
BRDA:49,2,0,0
BRDA:49,2,1,0
BRDA:52,3,0,0
BRDA:52,3,1,0
BRDA:55,4,0,0
BRDA:55,4,1,0
BRDA:88,5,0,0
BRDA:88,5,1,0
BRDA:89,6,0,0
BRDA:89,6,1,0
BRDA:112,7,0,0
BRDA:112,7,1,0
BRDA:113,8,0,0
BRDA:113,8,1,0
BRDA:116,9,0,0
BRDA:116,9,1,0
BRDA:118,10,0,0
BRDA:118,10,1,0
BRDA:173,11,0,0
BRDA:173,11,1,0
BRDA:195,12,0,0
BRDA:195,12,1,0
BRDA:210,13,0,0
BRDA:210,13,1,0
BRDA:226,14,0,0
BRDA:226,14,1,0
BRF:31
BRH:0
end_of_record
TN:
SF:src/services/voiceIsolation/modelLoader.ts
FN:18,(anonymous_0)
FN:70,isSubGraphEntry
FN:89,isStateShapes
FN:102,isDfn3Config
FN:117,fetchManifest
FN:169,validateChecksum
FN:175,(anonymous_6)
FN:184,openDb
FN:185,(anonymous_8)
FN:187,(anonymous_9)
FN:193,(anonymous_10)
FN:194,(anonymous_11)
FN:198,(anonymous_12)
FN:200,getCached
FN:208,(anonymous_14)
FN:211,(anonymous_15)
FN:215,(anonymous_16)
FN:222,putCached
FN:225,(anonymous_18)
FN:228,(anonymous_19)
FN:229,(anonymous_20)
FN:236,loadSubGraph
FN:269,loadDfn3Model
FNF:23
FNH:0
FNDA:0,(anonymous_0)
FNDA:0,isSubGraphEntry
FNDA:0,isStateShapes
FNDA:0,isDfn3Config
FNDA:0,fetchManifest
FNDA:0,validateChecksum
FNDA:0,(anonymous_6)
FNDA:0,openDb
FNDA:0,(anonymous_8)
FNDA:0,(anonymous_9)
FNDA:0,(anonymous_10)
FNDA:0,(anonymous_11)
FNDA:0,(anonymous_12)
FNDA:0,getCached
FNDA:0,(anonymous_14)
FNDA:0,(anonymous_15)
FNDA:0,(anonymous_16)
FNDA:0,putCached
FNDA:0,(anonymous_18)
FNDA:0,(anonymous_19)
FNDA:0,(anonymous_20)
FNDA:0,loadSubGraph
FNDA:0,loadDfn3Model
DA:12,1
DA:13,1
DA:14,1
DA:19,0
DA:20,0
DA:21,0
DA:65,1
DA:68,1
DA:71,0
DA:72,0
DA:73,0
DA:80,1
DA:90,0
DA:91,0
DA:92,0
DA:93,0
DA:94,0
DA:95,0
DA:96,0
DA:99,0
DA:103,0
DA:104,0
DA:105,0
DA:119,0
DA:120,0
DA:122,0
DA:125,0
DA:126,0
DA:130,0
DA:131,0
DA:133,0
DA:136,0
DA:137,0
DA:140,0
DA:141,0
DA:142,0
DA:143,0
DA:144,0
DA:146,0
DA:147,0
DA:152,0
DA:153,0
DA:154,0
DA:157,0
DA:158,0
DA:159,0
DA:162,0
DA:163,0
DA:166,0
DA:173,0
DA:174,0
DA:175,0
DA:177,0
DA:178,0
DA:185,0
DA:186,0
DA:187,0
DA:188,0
DA:189,0
DA:190,0
DA:193,0
DA:194,0
DA:198,1
DA:202,0
DA:203,0
DA:205,0
DA:207,0
DA:208,0
DA:209,0
DA:210,0
DA:211,0
DA:212,0
DA:213,0
DA:215,0
DA:218,0
DA:223,0
DA:224,0
DA:225,0
DA:226,0
DA:227,0
DA:228,0
DA:229,0
DA:232,0
DA:242,0
DA:243,0
DA:244,0
DA:245,0
DA:246,0
DA:252,0
DA:253,0
DA:254,0
DA:256,0
DA:257,0
DA:258,0
DA:259,0
DA:270,0
DA:271,0
DA:272,0
DA:278,0
LF:99
LH:7
BRDA:71,0,0,0
BRDA:71,0,1,0
BRDA:71,1,0,0
BRDA:71,1,1,0
BRDA:74,2,0,0
BRDA:74,2,1,0
BRDA:74,2,2,0
BRDA:90,3,0,0
BRDA:90,3,1,0
BRDA:90,4,0,0
BRDA:90,4,1,0
BRDA:94,5,0,0
BRDA:94,5,1,0
BRDA:94,6,0,0
BRDA:94,6,1,0
BRDA:96,7,0,0
BRDA:96,7,1,0
BRDA:96,8,0,0
BRDA:96,8,1,0
BRDA:96,8,2,0
BRDA:103,9,0,0
BRDA:103,9,1,0
BRDA:103,10,0,0
BRDA:103,10,1,0
BRDA:106,11,0,0
BRDA:106,11,1,0
BRDA:106,11,2,0
BRDA:106,11,3,0
BRDA:106,11,4,0
BRDA:106,11,5,0
BRDA:106,11,6,0
BRDA:106,11,7,0
BRDA:125,12,0,0
BRDA:125,12,1,0
BRDA:136,13,0,0
BRDA:136,13,1,0
BRDA:136,14,0,0
BRDA:136,14,1,0
BRDA:142,15,0,0
BRDA:142,15,1,0
BRDA:143,16,0,0
BRDA:143,16,1,0
BRDA:146,17,0,0
BRDA:146,17,1,0
BRDA:146,18,0,0
BRDA:146,18,1,0
BRDA:153,19,0,0
BRDA:153,19,1,0
BRDA:153,20,0,0
BRDA:153,20,1,0
BRDA:158,21,0,0
BRDA:158,21,1,0
BRDA:162,22,0,0
BRDA:162,22,1,0
BRDA:177,23,0,0
BRDA:177,23,1,0
BRDA:189,24,0,0
BRDA:189,24,1,0
BRDA:194,25,0,0
BRDA:194,25,1,0
BRDA:213,26,0,0
BRDA:213,26,1,0
BRDA:215,27,0,0
BRDA:215,27,1,0
BRDA:229,28,0,0
BRDA:229,28,1,0
BRDA:243,29,0,0
BRDA:243,29,1,0
BRDA:253,30,0,0
BRDA:253,30,1,0
BRF:70
BRH:0
end_of_record
TN:
SF:src/services/voiceIsolation/pipeline.ts
FN:35,createPipeline
FN:71,(anonymous_1)
FNF:2
FNH:0
FNDA:0,createPipeline
FNDA:0,(anonymous_1)
DA:12,1
DA:13,1
DA:33,1
DA:36,0
DA:37,0
DA:38,0
DA:40,0
DA:50,0
DA:62,0
DA:65,0
DA:66,0
DA:67,0
DA:69,0
DA:72,0
DA:73,0
DA:74,0
DA:78,0
DA:79,0
LF:18
LH:3
BRF:0
BRH:0
end_of_record
TN:
SF:src/services/voiceIsolation/audioWorklet/ringProtocol.ts
FN:22,createRing
FN:38,ringAvailable
FN:44,ringFreeSpace
FN:48,writeFrame
FN:64,readFrame
FNF:5
FNH:0
FNDA:0,createRing
FNDA:0,ringAvailable
FNDA:0,ringFreeSpace
FNDA:0,writeFrame
FNDA:0,readFrame
DA:19,1
DA:20,1
DA:23,0
DA:24,0
DA:26,0
DA:27,0
DA:29,0
DA:30,0
DA:39,0
DA:40,0
DA:41,0
DA:45,0
DA:49,0
DA:50,0
DA:51,0
DA:52,0
DA:53,0
DA:54,0
DA:58,0
DA:59,0
DA:61,0
DA:65,0
DA:66,0
DA:67,0
DA:68,0
DA:70,0
DA:71,0
DA:72,0
DA:74,0
DA:75,0
LF:30
LH:2
BRDA:23,0,0,0
BRDA:23,0,1,0
BRDA:26,1,0,0
BRDA:26,1,1,0
BRDA:26,2,0,0
BRDA:26,2,1,0
BRDA:53,3,0,0
BRDA:53,3,1,0
BRDA:68,4,0,0
BRDA:68,4,1,0
BRF:10
BRH:0
end_of_record
TN:
SF:src/services/webrtc/WebRTCService.ts
FN:79,(anonymous_0)
FN:89,(anonymous_1)
FN:94,(anonymous_2)
FN:100,(anonymous_3)
FN:105,(anonymous_4)
FN:116,(anonymous_5)
FN:117,(anonymous_6)
FN:154,(anonymous_7)
FN:156,(anonymous_8)
FN:158,(anonymous_9)
FN:160,(anonymous_10)
FN:194,(anonymous_11)
FN:194,(anonymous_12)
FN:237,(anonymous_13)
FN:240,(anonymous_14)
FN:243,(anonymous_15)
FN:246,(anonymous_16)
FN:251,(anonymous_17)
FN:258,(anonymous_18)
FN:279,(anonymous_19)
FN:289,(anonymous_20)
FN:292,(anonymous_21)
FN:309,(anonymous_22)
FN:312,(anonymous_23)
FN:357,(anonymous_24)
FN:392,(anonymous_25)
FN:399,(anonymous_26)
FN:419,(anonymous_27)
FN:510,(anonymous_28)
FN:519,(anonymous_29)
FN:521,(anonymous_30)
FN:529,(anonymous_31)
FN:542,(anonymous_32)
FN:547,(anonymous_33)
FN:548,(anonymous_34)
FN:555,(anonymous_35)
FN:556,(anonymous_36)
FN:561,(anonymous_37)
FN:567,(anonymous_38)
FN:577,(anonymous_39)
FN:587,(anonymous_40)
FN:608,(anonymous_41)
FN:617,(anonymous_42)
FN:625,(anonymous_43)
FN:633,(anonymous_44)
FN:639,(anonymous_45)
FN:653,(anonymous_46)
FN:653,(anonymous_47)
FN:711,(anonymous_48)
FN:715,(anonymous_49)
FN:753,(anonymous_50)
FN:789,(anonymous_51)
FN:796,(anonymous_52)
FN:818,(anonymous_53)
FN:831,(anonymous_54)
FN:834,(anonymous_55)
FN:849,(anonymous_56)
FN:854,(anonymous_57)
FN:868,(anonymous_58)
FN:879,(anonymous_59)
FN:886,(anonymous_60)
FN:893,(anonymous_61)
FN:899,(anonymous_62)
FN:927,(anonymous_63)
FN:947,(anonymous_64)
FN:958,(anonymous_65)
FN:976,(anonymous_66)
FN:977,(anonymous_67)
FN:978,(anonymous_68)
FN:983,(anonymous_69)
FN:990,(anonymous_70)
FN:998,(anonymous_71)
FN:1006,(anonymous_72)
FN:1011,(anonymous_73)
FN:1027,(anonymous_74)
FN:1034,(anonymous_75)
FN:1052,(anonymous_76)
FN:1074,(anonymous_77)
FN:1088,(anonymous_78)
FN:1106,(anonymous_79)
FN:1118,(anonymous_80)
FN:1154,(anonymous_81)
FN:1185,(anonymous_82)
FN:1205,(anonymous_83)
FN:1208,(anonymous_84)
FN:1224,(anonymous_85)
FN:1239,(anonymous_86)
FN:1255,(anonymous_87)
FN:1266,(anonymous_88)
FN:1309,(anonymous_89)
FN:1314,(anonymous_90)
FN:1340,(anonymous_91)
FN:1343,(anonymous_92)
FN:1344,(anonymous_93)
FN:1353,(anonymous_94)
FN:1354,(anonymous_95)
FN:1358,(anonymous_96)
FN:1369,(anonymous_97)
FN:1380,(anonymous_98)
FN:1410,(anonymous_99)
FN:1411,(anonymous_100)
FN:1412,(anonymous_101)
FN:1417,(anonymous_102)
FN:1421,(anonymous_103)
FN:1429,(anonymous_104)
FN:1448,(anonymous_105)
FN:1458,(anonymous_106)
FN:1496,(anonymous_107)
FN:1519,(anonymous_108)
FN:1527,(anonymous_109)
FN:1550,(anonymous_110)
FN:1555,(anonymous_111)
FN:1559,(anonymous_112)
FN:1563,(anonymous_113)
FNF:114
FNH:2
FNDA:0,(anonymous_0)
FNDA:0,(anonymous_1)
FNDA:0,(anonymous_2)
FNDA:0,(anonymous_3)
FNDA:0,(anonymous_4)
FNDA:0,(anonymous_5)
FNDA:0,(anonymous_6)
FNDA:0,(anonymous_7)
FNDA:0,(anonymous_8)
FNDA:0,(anonymous_9)
FNDA:0,(anonymous_10)
FNDA:0,(anonymous_11)
FNDA:0,(anonymous_12)
FNDA:0,(anonymous_13)
FNDA:0,(anonymous_14)
FNDA:0,(anonymous_15)
FNDA:0,(anonymous_16)
FNDA:0,(anonymous_17)
FNDA:0,(anonymous_18)
FNDA:0,(anonymous_19)
FNDA:0,(anonymous_20)
FNDA:0,(anonymous_21)
FNDA:0,(anonymous_22)
FNDA:0,(anonymous_23)
FNDA:0,(anonymous_24)
FNDA:0,(anonymous_25)
FNDA:0,(anonymous_26)
FNDA:0,(anonymous_27)
FNDA:0,(anonymous_28)
FNDA:0,(anonymous_29)
FNDA:0,(anonymous_30)
FNDA:0,(anonymous_31)
FNDA:0,(anonymous_32)
FNDA:0,(anonymous_33)
FNDA:0,(anonymous_34)
FNDA:0,(anonymous_35)
FNDA:0,(anonymous_36)
FNDA:0,(anonymous_37)
FNDA:0,(anonymous_38)
FNDA:0,(anonymous_39)
FNDA:0,(anonymous_40)
FNDA:0,(anonymous_41)
FNDA:0,(anonymous_42)
FNDA:0,(anonymous_43)
FNDA:0,(anonymous_44)
FNDA:0,(anonymous_45)
FNDA:0,(anonymous_46)
FNDA:0,(anonymous_47)
FNDA:0,(anonymous_48)
FNDA:0,(anonymous_49)
FNDA:0,(anonymous_50)
FNDA:0,(anonymous_51)
FNDA:0,(anonymous_52)
FNDA:0,(anonymous_53)
FNDA:0,(anonymous_54)
FNDA:0,(anonymous_55)
FNDA:0,(anonymous_56)
FNDA:0,(anonymous_57)
FNDA:0,(anonymous_58)
FNDA:0,(anonymous_59)
FNDA:0,(anonymous_60)
FNDA:0,(anonymous_61)
FNDA:0,(anonymous_62)
FNDA:0,(anonymous_63)
FNDA:0,(anonymous_64)
FNDA:0,(anonymous_65)
FNDA:0,(anonymous_66)
FNDA:0,(anonymous_67)
FNDA:0,(anonymous_68)
FNDA:0,(anonymous_69)
FNDA:0,(anonymous_70)
FNDA:0,(anonymous_71)
FNDA:0,(anonymous_72)
FNDA:0,(anonymous_73)
FNDA:0,(anonymous_74)
FNDA:0,(anonymous_75)
FNDA:0,(anonymous_76)
FNDA:0,(anonymous_77)
FNDA:1,(anonymous_78)
FNDA:0,(anonymous_79)
FNDA:0,(anonymous_80)
FNDA:0,(anonymous_81)
FNDA:1,(anonymous_82)
FNDA:0,(anonymous_83)
FNDA:0,(anonymous_84)
FNDA:0,(anonymous_85)
FNDA:0,(anonymous_86)
FNDA:0,(anonymous_87)
FNDA:0,(anonymous_88)
FNDA:0,(anonymous_89)
FNDA:0,(anonymous_90)
FNDA:0,(anonymous_91)
FNDA:0,(anonymous_92)
FNDA:0,(anonymous_93)
FNDA:0,(anonymous_94)
FNDA:0,(anonymous_95)
FNDA:0,(anonymous_96)
FNDA:0,(anonymous_97)
FNDA:0,(anonymous_98)
FNDA:0,(anonymous_99)
FNDA:0,(anonymous_100)
FNDA:0,(anonymous_101)
FNDA:0,(anonymous_102)
FNDA:0,(anonymous_103)
FNDA:0,(anonymous_104)
FNDA:0,(anonymous_105)
FNDA:0,(anonymous_106)
FNDA:0,(anonymous_107)
FNDA:0,(anonymous_108)
FNDA:0,(anonymous_109)
FNDA:0,(anonymous_110)
FNDA:0,(anonymous_111)
FNDA:0,(anonymous_112)
FNDA:0,(anonymous_113)
DA:23,1
DA:24,1
DA:25,1
DA:26,1
DA:27,1
DA:28,1
DA:29,1
DA:30,1
DA:31,1
DA:32,1
DA:33,1
DA:40,1
DA:41,1
DA:42,1
DA:43,1
DA:44,1
DA:45,1
DA:46,1
DA:47,1
DA:48,1
DA:52,1
DA:53,1
DA:54,1
DA:62,1
DA:63,1
DA:71,1
DA:72,1
DA:75,1
[...]
LF:201
LH:17
BRDA:89,0,0,6
BRDA:89,0,1,0
BRDA:110,1,0,6
BRDA:110,1,1,0
BRDA:154,2,0,0
BRDA:154,2,1,0
BRDA:154,3,0,0
BRDA:154,3,1,0
BRDA:157,4,0,0
BRDA:157,4,1,0
BRDA:162,5,0,0
BRDA:162,5,1,0
BRDA:192,6,0,0
BRDA:192,6,1,0
BRDA:208,7,0,0
BRDA:208,7,1,0
BRDA:263,8,0,0
BRDA:263,8,1,0
BRDA:272,9,0,0
BRDA:272,9,1,0
BRDA:294,10,0,0
BRDA:294,10,1,0
BRDA:306,11,0,0
BRDA:306,11,1,0
BRDA:334,12,0,0
BRDA:334,12,1,0
BRDA:335,13,0,0
BRDA:335,13,1,0
BRDA:338,14,0,0
BRDA:338,14,1,0
BRDA:340,15,0,0
BRDA:340,15,1,0
BRDA:341,16,0,0
BRDA:341,16,1,0
BRDA:345,17,0,0
BRDA:345,17,1,0
BRDA:364,18,0,0
BRDA:364,18,1,0
BRDA:366,19,0,0
BRDA:366,19,1,0
BRDA:368,20,0,0
BRDA:368,20,1,0
BRDA:385,21,0,0
BRDA:385,21,1,0
BRDA:389,22,0,0
BRDA:389,22,1,0
BRDA:394,23,0,0
BRDA:394,23,1,0
BRDA:408,24,0,0
BRDA:408,24,1,0
BRDA:418,25,0,0
BRDA:418,25,1,0
BRDA:426,26,0,0
BRDA:426,26,1,0
BRDA:441,27,0,0
BRDA:441,27,1,0
BRDA:444,28,0,0
BRDA:444,28,1,0
BRDA:479,29,0,0
BRDA:479,29,1,0
BRDA:482,30,0,0
BRDA:482,30,1,0
BRDA:482,31,0,0
BRDA:482,31,1,0
BRF:64
BRH:2
end_of_record
TN:
SF:src/stores/blockStore.ts
FN:17,(anonymous_0)
FN:19,(anonymous_1)
FN:20,(anonymous_2)
FN:21,(anonymous_3)
FN:27,(anonymous_4)
FN:28,(anonymous_5)
FN:34,(anonymous_6)
FN:35,(anonymous_7)
FNF:8
FNH:2
FNDA:6,(anonymous_0)
FNDA:0,(anonymous_1)
FNDA:0,(anonymous_2)
FNDA:0,(anonymous_3)
FNDA:0,(anonymous_4)
FNDA:0,(anonymous_5)
FNDA:6,(anonymous_6)
FNDA:0,(anonymous_7)
DA:17,6
DA:19,0
DA:21,0
DA:22,0
DA:23,0
DA:24,0
DA:25,0
DA:28,0
DA:29,0
DA:30,0
DA:31,0
DA:32,0
DA:34,6
DA:35,0
LF:14
LH:2
BRDA:22,0,0,0
BRDA:22,0,1,0
BRDA:29,1,0,0
BRDA:29,1,1,0
BRF:4
BRH:0
end_of_record
TN:
SF:src/stores/channelMuteStore.ts
FN:12,(anonymous_0)
FN:14,(anonymous_1)
FN:15,(anonymous_2)
FN:16,(anonymous_3)
FN:17,(anonymous_4)
FN:22,(anonymous_5)
FN:23,(anonymous_6)
FN:28,(anonymous_7)
FNF:8
FNH:1
FNDA:6,(anonymous_0)
FNDA:0,(anonymous_1)
FNDA:0,(anonymous_2)
FNDA:0,(anonymous_3)
FNDA:0,(anonymous_4)
FNDA:0,(anonymous_5)
FNDA:0,(anonymous_6)
FNDA:0,(anonymous_7)
DA:12,6
DA:15,0
DA:17,0
DA:18,0
DA:19,0
DA:20,0
DA:23,0
DA:24,0
DA:25,0
DA:26,0
DA:29,0
DA:30,0
DA:31,0
DA:32,0
LF:14
LH:1
BRDA:15,0,0,0
BRDA:15,0,1,0
BRDA:30,1,0,0
BRDA:30,1,1,0
BRDA:31,2,0,0
BRDA:31,2,1,0
BRF:6
BRH:0
end_of_record
TN:
SF:src/stores/confirmStore.ts
FN:32,(anonymous_0)
FN:35,(anonymous_1)
FN:36,(anonymous_2)
FN:44,(anonymous_3)
FN:52,dillaConfirm
FNF:5
FNH:1
FNDA:6,(anonymous_0)
FNDA:0,(anonymous_1)
FNDA:0,(anonymous_2)
FNDA:0,(anonymous_3)
FNDA:0,dillaConfirm
DA:32,6
DA:36,0
DA:40,0
DA:41,0
DA:42,0
DA:45,0
DA:46,0
DA:47,0
DA:53,0
LF:9
LH:1
BRDA:41,0,0,0
BRDA:41,0,1,0
BRDA:46,1,0,0
BRDA:46,1,1,0
BRF:4
BRH:0
end_of_record
TN:
SF:src/stores/dmStore.ts
FN:35,(anonymous_0)
FN:41,(anonymous_1)
FN:42,(anonymous_2)
FN:46,(anonymous_3)
FN:47,(anonymous_4)
FN:49,(anonymous_5)
FN:55,(anonymous_6)
FN:57,(anonymous_7)
FN:58,(anonymous_8)
FN:62,(anonymous_9)
FN:63,(anonymous_10)
FN:65,(anonymous_11)
FN:71,(anonymous_12)
FN:72,(anonymous_13)
FN:77,(anonymous_14)
FN:82,(anonymous_15)
FN:83,(anonymous_16)
FN:88,(anonymous_17)
FN:95,(anonymous_18)
FN:96,(anonymous_19)
FNF:20
FNH:2
FNDA:6,(anonymous_0)
FNDA:0,(anonymous_1)
FNDA:0,(anonymous_2)
FNDA:0,(anonymous_3)
FNDA:0,(anonymous_4)
FNDA:0,(anonymous_5)
FNDA:97,(anonymous_6)
FNDA:0,(anonymous_7)
FNDA:0,(anonymous_8)
FNDA:0,(anonymous_9)
FNDA:0,(anonymous_10)
FNDA:0,(anonymous_11)
FNDA:0,(anonymous_12)
FNDA:0,(anonymous_13)
FNDA:0,(anonymous_14)
FNDA:0,(anonymous_15)
FNDA:0,(anonymous_16)
FNDA:0,(anonymous_17)
FNDA:0,(anonymous_18)
FNDA:0,(anonymous_19)
DA:35,6
DA:42,0
DA:47,0
DA:48,0
DA:49,0
DA:50,0
DA:55,97
DA:58,0
DA:63,0
DA:64,0
DA:65,0
DA:66,0
DA:72,0
DA:73,0
DA:74,0
DA:77,0
DA:83,0
DA:84,0
DA:85,0
DA:89,0
DA:96,0
LF:21
LH:2
BRDA:48,0,0,0
BRDA:48,0,1,0
BRDA:49,1,0,0
BRDA:49,1,1,0
BRDA:64,2,0,0
BRDA:64,2,1,0
BRDA:65,3,0,0
BRDA:65,3,1,0
BRDA:73,4,0,0
BRDA:73,4,1,0
BRDA:77,5,0,0
BRDA:77,5,1,0
BRDA:84,6,0,0
BRDA:84,6,1,0
BRDA:89,7,0,0
BRDA:89,7,1,0
BRF:16
BRH:0
end_of_record
TN:
SF:src/stores/messageStore.ts
FN:60,(anonymous_0)
FN:66,(anonymous_1)
FN:67,(anonymous_2)
FN:71,(anonymous_3)
FN:76,(anonymous_4)
FN:77,(anonymous_5)
FN:84,(anonymous_6)
FN:85,(anonymous_7)
FN:86,(anonymous_8)
FN:87,(anonymous_9)
FN:92,(anonymous_10)
FN:93,(anonymous_11)
FN:98,(anonymous_12)
FN:107,(anonymous_13)
FN:108,(anonymous_14)
FN:113,(anonymous_15)
FN:120,(anonymous_16)
FN:121,(anonymous_17)
FN:126,(anonymous_18)
FN:133,(anonymous_19)
FN:134,(anonymous_20)
FN:137,(anonymous_21)
FN:142,(anonymous_22)
FN:143,(anonymous_23)
FN:148,(anonymous_24)
FN:153,(anonymous_25)
FN:154,(anonymous_26)
FN:160,(anonymous_27)
FN:161,(anonymous_28)
FN:167,(anonymous_29)
FN:168,(anonymous_30)
FNF:31
FNH:1
FNDA:6,(anonymous_0)
FNDA:0,(anonymous_1)
FNDA:0,(anonymous_2)
FNDA:0,(anonymous_3)
FNDA:0,(anonymous_4)
FNDA:0,(anonymous_5)
FNDA:0,(anonymous_6)
FNDA:0,(anonymous_7)
FNDA:0,(anonymous_8)
FNDA:0,(anonymous_9)
FNDA:0,(anonymous_10)
FNDA:0,(anonymous_11)
FNDA:0,(anonymous_12)
FNDA:0,(anonymous_13)
FNDA:0,(anonymous_14)
FNDA:0,(anonymous_15)
FNDA:0,(anonymous_16)
FNDA:0,(anonymous_17)
FNDA:0,(anonymous_18)
FNDA:0,(anonymous_19)
FNDA:0,(anonymous_20)
FNDA:0,(anonymous_21)
FNDA:0,(anonymous_22)
FNDA:0,(anonymous_23)
FNDA:0,(anonymous_24)
FNDA:0,(anonymous_25)
FNDA:0,(anonymous_26)
FNDA:0,(anonymous_27)
FNDA:0,(anonymous_28)
FNDA:0,(anonymous_29)
FNDA:0,(anonymous_30)
DA:60,6
DA:67,0
DA:68,0
DA:69,0
DA:71,0
DA:72,0
DA:73,0
DA:77,0
DA:78,0
DA:79,0
DA:84,0
DA:85,0
DA:86,0
DA:87,0
DA:88,0
DA:89,0
DA:93,0
DA:94,0
DA:95,0
DA:96,0
DA:99,0
DA:104,0
DA:108,0
DA:109,0
DA:110,0
DA:111,0
DA:114,0
DA:117,0
DA:121,0
DA:122,0
DA:123,0
DA:124,0
DA:127,0
DA:130,0
DA:134,0
DA:135,0
DA:136,0
DA:137,0
DA:138,0
DA:139,0
DA:143,0
DA:144,0
DA:145,0
DA:146,0
DA:148,0
DA:150,0
DA:154,0
DA:155,0
DA:156,0
DA:157,0
DA:161,0
DA:162,0
DA:163,0
DA:164,0
DA:168,0
DA:169,0
DA:170,0
DA:171,0
DA:172,0
DA:173,0
DA:174,0
DA:175,0
DA:176,0
DA:177,0
LF:64
LH:1
BRDA:69,0,0,0
BRDA:69,0,1,0
BRDA:71,1,0,0
BRDA:71,1,1,0
BRDA:79,2,0,0
BRDA:79,2,1,0
BRDA:85,3,0,0
BRDA:85,3,1,0
BRDA:95,4,0,0
BRDA:95,4,1,0
BRDA:99,5,0,0
BRDA:99,5,1,0
BRDA:110,6,0,0
BRDA:110,6,1,0
BRDA:114,7,0,0
BRDA:114,7,1,0
BRDA:123,8,0,0
BRDA:123,8,1,0
BRDA:127,9,0,0
BRDA:127,9,1,0
BRDA:136,10,0,0
BRDA:136,10,1,0
BRDA:145,11,0,0
BRDA:145,11,1,0
BRF:24
BRH:0
end_of_record
TN:
SF:src/stores/pinStore.ts
FN:26,(anonymous_0)
FN:28,(anonymous_1)
FN:29,(anonymous_2)
FN:41,(anonymous_3)
FN:42,(anonymous_4)
FN:51,(anonymous_5)
FN:52,(anonymous_6)
FN:61,(anonymous_7)
FN:64,(anonymous_8)
FN:65,(anonymous_9)
FNF:10
FNH:1
FNDA:6,(anonymous_0)
FNDA:0,(anonymous_1)
FNDA:0,(anonymous_2)
FNDA:0,(anonymous_3)
FNDA:0,(anonymous_4)
FNDA:0,(anonymous_5)
FNDA:0,(anonymous_6)
FNDA:0,(anonymous_7)
FNDA:0,(anonymous_8)
FNDA:0,(anonymous_9)
DA:26,6
DA:29,0
DA:30,0
DA:32,0
DA:33,0
DA:34,0
DA:35,0
DA:36,0
DA:38,0
DA:39,0
DA:42,0
DA:43,0
DA:44,0
DA:45,0
DA:46,0
DA:47,0
DA:48,0
DA:49,0
DA:52,0
DA:53,0
DA:54,0
DA:55,0
DA:56,0
DA:57,0
DA:58,0
DA:59,0
DA:62,0
DA:64,0
DA:65,0
LF:29
LH:1
BRDA:34,0,0,0
BRDA:34,0,1,0
BRDA:34,1,0,0
BRDA:34,1,1,0
BRDA:35,2,0,0
BRDA:35,2,1,0
BRDA:44,3,0,0
BRDA:44,3,1,0
BRDA:45,4,0,0
BRDA:45,4,1,0
BRDA:54,5,0,0
BRDA:54,5,1,0
BRDA:54,6,0,0
BRDA:54,6,1,0
BRDA:62,7,0,0
BRDA:62,7,1,0
BRDA:64,8,0,0
BRDA:64,8,1,0
BRF:18
BRH:0
end_of_record
TN:
SF:src/stores/pollStore.ts
FN:23,(anonymous_0)
FN:25,(anonymous_1)
FN:26,(anonymous_2)
FN:29,(anonymous_3)
FN:30,(anonymous_4)
FN:34,(anonymous_5)
FN:35,(anonymous_6)
FN:38,(anonymous_7)
FN:41,(anonymous_8)
FN:64,normalizePoll
FNF:10
FNH:1
FNDA:6,(anonymous_0)
FNDA:0,(anonymous_1)
FNDA:0,(anonymous_2)
FNDA:0,(anonymous_3)
FNDA:0,(anonymous_4)
FNDA:0,(anonymous_5)
FNDA:0,(anonymous_6)
FNDA:0,(anonymous_7)
FNDA:0,(anonymous_8)
FNDA:0,normalizePoll
DA:23,6
DA:26,0
DA:27,0
DA:28,0
DA:29,0
DA:30,0
DA:31,0
DA:32,0
DA:35,0
DA:36,0
DA:37,0
DA:38,0
DA:39,0
DA:41,0
DA:65,0
LF:15
LH:1
BRDA:28,0,0,0
BRDA:28,0,1,0
BRDA:30,1,0,0
BRDA:30,1,1,0
BRDA:30,2,0,0
BRDA:30,2,1,0
BRDA:37,3,0,0
BRDA:37,3,1,0
BRDA:69,4,0,0
BRDA:69,4,1,0
BRDA:70,5,0,0
BRDA:70,5,1,0
BRDA:71,6,0,0
BRDA:71,6,1,0
BRDA:72,7,0,0
BRDA:72,7,1,0
BRDA:73,8,0,0
BRDA:73,8,1,0
BRF:18
BRH:0
end_of_record
TN:
SF:src/stores/teamStore.ts
FN:105,(anonymous_0)
FN:114,(anonymous_1)
FN:116,(anonymous_2)
FN:118,(anonymous_3)
FN:119,(anonymous_4)
FN:125,(anonymous_5)
FN:126,(anonymous_6)
FN:132,(anonymous_7)
FN:133,(anonymous_8)
FN:139,(anonymous_9)
FN:140,(anonymous_10)
FN:143,(anonymous_11)
FN:148,(anonymous_12)
FN:149,(anonymous_13)
FN:155,(anonymous_14)
FN:156,(anonymous_15)
FN:162,(anonymous_16)
FN:163,(anonymous_17)
FN:166,(anonymous_18)
FN:168,(anonymous_19)
FN:174,(anonymous_20)
FN:175,(anonymous_21)
FN:178,(anonymous_22)
FN:182,(anonymous_23)
FN:183,(anonymous_24)
FN:190,(anonymous_25)
FN:191,(anonymous_26)
FN:196,(anonymous_27)
FN:201,(anonymous_28)
FN:202,(anonymous_29)
FN:207,(anonymous_30)
FNF:31
FNH:2
FNDA:6,(anonymous_0)
FNDA:0,(anonymous_1)
FNDA:97,(anonymous_2)
FNDA:0,(anonymous_3)
FNDA:0,(anonymous_4)
FNDA:0,(anonymous_5)
FNDA:0,(anonymous_6)
FNDA:0,(anonymous_7)
FNDA:0,(anonymous_8)
FNDA:0,(anonymous_9)
FNDA:0,(anonymous_10)
FNDA:0,(anonymous_11)
FNDA:0,(anonymous_12)
FNDA:0,(anonymous_13)
FNDA:0,(anonymous_14)
FNDA:0,(anonymous_15)
FNDA:0,(anonymous_16)
FNDA:0,(anonymous_17)
FNDA:0,(anonymous_18)
FNDA:0,(anonymous_19)
FNDA:0,(anonymous_20)
FNDA:0,(anonymous_21)
FNDA:0,(anonymous_22)
FNDA:0,(anonymous_23)
FNDA:0,(anonymous_24)
FNDA:0,(anonymous_25)
FNDA:0,(anonymous_26)
FNDA:0,(anonymous_27)
FNDA:0,(anonymous_28)
FNDA:0,(anonymous_29)
FNDA:0,(anonymous_30)
DA:105,6
DA:114,0
DA:116,97
DA:119,0
DA:120,0
DA:121,0
DA:122,0
DA:126,0
DA:127,0
DA:128,0
DA:129,0
DA:133,0
DA:134,0
DA:135,0
DA:136,0
DA:140,0
DA:141,0
DA:142,0
DA:143,0
DA:144,0
DA:145,0
DA:149,0
DA:150,0
DA:151,0
DA:152,0
DA:156,0
DA:157,0
DA:158,0
DA:159,0
DA:163,0
DA:164,0
DA:165,0
DA:166,0
DA:167,0
DA:168,0
DA:170,0
DA:171,0
DA:175,0
DA:176,0
DA:177,0
DA:178,0
DA:179,0
DA:183,0
DA:184,0
DA:185,0
DA:186,0
DA:187,0
DA:191,0
DA:192,0
DA:193,0
DA:194,0
DA:196,0
DA:198,0
DA:202,0
DA:203,0
DA:204,0
DA:205,0
DA:207,0
DA:209,0
LF:59
LH:2
BRDA:142,0,0,0
BRDA:142,0,1,0
BRDA:143,1,0,0
BRDA:143,1,1,0
BRDA:165,2,0,0
BRDA:165,2,1,0
BRDA:167,3,0,0
BRDA:167,3,1,0
BRDA:168,4,0,0
BRDA:168,4,1,0
BRDA:177,5,0,0
BRDA:177,5,1,0
BRDA:185,6,0,0
BRDA:185,6,1,0
BRDA:193,7,0,0
BRDA:193,7,1,0
BRDA:204,8,0,0
BRDA:204,8,1,0
BRDA:207,9,0,0
BRDA:207,9,1,0
BRF:20
BRH:0
end_of_record
TN:
SF:src/stores/telemetryStore.ts
FN:10,(anonymous_0)
FN:13,(anonymous_1)
FNF:2
FNH:1
FNDA:6,(anonymous_0)
FNDA:0,(anonymous_1)
DA:9,6
DA:11,6
DA:13,0
LF:3
LH:2
BRF:0
BRH:0
end_of_record
TN:
SF:src/stores/threadStore.ts
FN:34,(anonymous_0)
FN:40,(anonymous_1)
FN:41,(anonymous_2)
FN:45,(anonymous_3)
FN:46,(anonymous_4)
FN:48,(anonymous_5)
FN:54,(anonymous_6)
FN:55,(anonymous_7)
FN:61,(anonymous_8)
FN:66,(anonymous_9)
FN:67,(anonymous_10)
FN:72,(anonymous_11)
FN:77,(anonymous_12)
FN:80,(anonymous_13)
FN:83,(anonymous_14)
FN:84,(anonymous_15)
FN:88,(anonymous_16)
FN:89,(anonymous_17)
FN:91,(anonymous_18)
FN:97,(anonymous_19)
FN:98,(anonymous_20)
FN:103,(anonymous_21)
FN:108,(anonymous_22)
FN:109,(anonymous_23)
FN:114,(anonymous_24)
FNF:25
FNH:1
FNDA:6,(anonymous_0)
FNDA:0,(anonymous_1)
FNDA:0,(anonymous_2)
FNDA:0,(anonymous_3)
FNDA:0,(anonymous_4)
FNDA:0,(anonymous_5)
FNDA:0,(anonymous_6)
FNDA:0,(anonymous_7)
FNDA:0,(anonymous_8)
FNDA:0,(anonymous_9)
FNDA:0,(anonymous_10)
FNDA:0,(anonymous_11)
FNDA:0,(anonymous_12)
FNDA:0,(anonymous_13)
FNDA:0,(anonymous_14)
FNDA:0,(anonymous_15)
FNDA:0,(anonymous_16)
FNDA:0,(anonymous_17)
FNDA:0,(anonymous_18)
FNDA:0,(anonymous_19)
FNDA:0,(anonymous_20)
FNDA:0,(anonymous_21)
FNDA:0,(anonymous_22)
FNDA:0,(anonymous_23)
FNDA:0,(anonymous_24)
DA:34,6
DA:41,0
DA:46,0
DA:47,0
DA:48,0
DA:49,0
DA:55,0
DA:56,0
DA:57,0
DA:58,0
DA:61,0
DA:67,0
DA:68,0
DA:69,0
DA:72,0
DA:78,0
DA:81,0
DA:84,0
DA:89,0
DA:90,0
DA:91,0
DA:92,0
DA:98,0
DA:99,0
DA:100,0
DA:103,0
DA:109,0
DA:110,0
DA:111,0
DA:115,0
LF:30
LH:1
BRDA:47,0,0,0
BRDA:47,0,1,0
BRDA:48,1,0,0
BRDA:48,1,1,0
BRDA:57,2,0,0
BRDA:57,2,1,0
BRDA:61,3,0,0
BRDA:61,3,1,0
BRDA:68,4,0,0
BRDA:68,4,1,0
BRDA:90,5,0,0
BRDA:90,5,1,0
BRDA:91,6,0,0
BRDA:91,6,1,0
BRDA:99,7,0,0
BRDA:99,7,1,0
BRDA:103,8,0,0
BRDA:103,8,1,0
BRDA:110,9,0,0
BRDA:110,9,1,0
BRDA:115,10,0,0
BRDA:115,10,1,0
BRF:22
BRH:0
end_of_record
TN:
SF:src/stores/unreadStore.ts
FN:17,(anonymous_0)
FN:19,(anonymous_1)
FN:20,(anonymous_2)
FN:21,(anonymous_3)
FN:24,(anonymous_4)
FN:25,(anonymous_5)
FNF:6
FNH:3
FNDA:6,(anonymous_0)
FNDA:0,(anonymous_1)
FNDA:0,(anonymous_2)
FNDA:0,(anonymous_3)
FNDA:96,(anonymous_4)
FNDA:96,(anonymous_5)
DA:17,6
DA:19,0
DA:21,0
DA:25,96
LF:4
LH:2
BRDA:22,0,0,0
BRDA:22,0,1,0
BRF:2
BRH:0
end_of_record
TN:
SF:src/stores/userSettingsStore.ts
FN:43,(anonymous_0)
FN:60,(anonymous_1)
FN:61,(anonymous_2)
FN:62,(anonymous_3)
FN:63,(anonymous_4)
FN:64,(anonymous_5)
FN:65,(anonymous_6)
FN:66,(anonymous_7)
FN:67,(anonymous_8)
FN:68,(anonymous_9)
FN:69,(anonymous_10)
FN:70,(anonymous_11)
FN:71,(anonymous_12)
FN:72,(anonymous_13)
FN:81,(anonymous_14)
FNF:15
FNH:1
FNDA:1,(anonymous_0)
FNDA:0,(anonymous_1)
FNDA:0,(anonymous_2)
FNDA:0,(anonymous_3)
FNDA:0,(anonymous_4)
FNDA:0,(anonymous_5)
FNDA:0,(anonymous_6)
FNDA:0,(anonymous_7)
FNDA:0,(anonymous_8)
FNDA:0,(anonymous_9)
FNDA:0,(anonymous_10)
FNDA:0,(anonymous_11)
FNDA:0,(anonymous_12)
FNDA:0,(anonymous_13)
FNDA:0,(anonymous_14)
DA:42,1
DA:44,1
DA:60,0
DA:61,0
DA:62,0
DA:63,0
DA:64,0
DA:65,0
DA:66,0
DA:67,0
DA:68,0
DA:69,0
DA:70,0
DA:72,0
DA:82,0
DA:83,0
DA:84,0
DA:86,0
DA:90,0
DA:95,0
DA:99,0
DA:106,0
DA:108,0
DA:114,0
LF:24
LH:2
BRDA:73,0,0,0
BRDA:73,0,1,0
BRDA:74,1,0,0
BRDA:74,1,1,0
BRDA:75,2,0,0
BRDA:75,2,1,0
BRDA:82,3,0,0
BRDA:82,3,1,0
BRDA:83,4,0,0
BRDA:83,4,1,0
BRDA:86,5,0,0
BRDA:86,5,1,0
BRDA:92,6,0,0
BRDA:92,6,1,0
BRDA:92,7,0,0
BRDA:92,7,1,0
BRDA:95,8,0,0
BRDA:95,8,1,0
BRDA:101,9,0,0
BRDA:101,9,1,0
BRDA:102,10,0,0
BRDA:102,10,1,0
BRDA:103,11,0,0
BRDA:103,11,1,0
BRDA:106,12,0,0
BRDA:106,12,1,0
BRDA:110,13,0,0
BRDA:110,13,1,0
BRDA:111,14,0,0
BRDA:111,14,1,0
BRF:30
BRH:0
end_of_record
TN:
SF:src/stores/voiceStore.ts
FN:88,(anonymous_0)
FN:112,(anonymous_1)
FN:114,(anonymous_2)
FN:124,(anonymous_3)
FN:141,(anonymous_4)
FN:169,(anonymous_5)
FN:170,(anonymous_6)
FN:191,(anonymous_7)
FN:197,(anonymous_8)
FN:209,(anonymous_9)
FN:225,(anonymous_10)
FN:230,(anonymous_11)
FN:230,(anonymous_12)
FN:241,(anonymous_13)
FN:269,(anonymous_14)
FN:269,(anonymous_15)
FN:274,(anonymous_16)
FN:275,(anonymous_17)
FN:278,(anonymous_18)
FN:280,(anonymous_19)
FN:281,(anonymous_20)
FN:288,(anonymous_21)
FN:290,(anonymous_22)
FN:291,(anonymous_23)
FN:292,(anonymous_24)
FN:293,(anonymous_25)
FN:299,(anonymous_26)
FN:306,(anonymous_27)
FN:307,(anonymous_28)
FN:308,(anonymous_29)
FN:309,(anonymous_30)
FN:315,(anonymous_31)
FN:326,(anonymous_32)
FN:334,(anonymous_33)
FN:335,(anonymous_34)
FN:340,(anonymous_35)
FN:341,(anonymous_36)
FN:348,(anonymous_37)
FN:352,(anonymous_38)
FN:361,(anonymous_39)
FN:362,(anonymous_40)
FN:370,(anonymous_41)
FN:371,(anonymous_42)
FN:373,(anonymous_43)
FN:377,(anonymous_44)
FN:378,(anonymous_45)
FN:381,(anonymous_46)
FN:386,(anonymous_47)
FN:387,(anonymous_48)
FN:390,(anonymous_49)
FN:393,(anonymous_50)
FN:401,(anonymous_51)
FN:402,(anonymous_52)
FN:405,(anonymous_53)
FN:412,(anonymous_54)
FN:413,(anonymous_55)
FN:421,(anonymous_56)
FN:422,(anonymous_57)
FN:430,(anonymous_58)
FN:431,(anonymous_59)
FN:434,(anonymous_60)
FN:436,(anonymous_61)
FN:439,(anonymous_62)
FNF:63
FNH:3
FNDA:6,(anonymous_0)
FNDA:0,(anonymous_1)
FNDA:0,(anonymous_2)
FNDA:0,(anonymous_3)
FNDA:0,(anonymous_4)
FNDA:0,(anonymous_5)
FNDA:0,(anonymous_6)
FNDA:0,(anonymous_7)
FNDA:0,(anonymous_8)
FNDA:0,(anonymous_9)
FNDA:0,(anonymous_10)
FNDA:0,(anonymous_11)
FNDA:0,(anonymous_12)
FNDA:0,(anonymous_13)
FNDA:0,(anonymous_14)
FNDA:0,(anonymous_15)
FNDA:0,(anonymous_16)
FNDA:0,(anonymous_17)
FNDA:2,(anonymous_18)
FNDA:0,(anonymous_19)
FNDA:0,(anonymous_20)
FNDA:1,(anonymous_21)
FNDA:0,(anonymous_22)
FNDA:0,(anonymous_23)
FNDA:0,(anonymous_24)
FNDA:0,(anonymous_25)
FNDA:0,(anonymous_26)
FNDA:0,(anonymous_27)
FNDA:0,(anonymous_28)
FNDA:0,(anonymous_29)
FNDA:0,(anonymous_30)
FNDA:0,(anonymous_31)
FNDA:0,(anonymous_32)
FNDA:0,(anonymous_33)
FNDA:0,(anonymous_34)
FNDA:0,(anonymous_35)
FNDA:0,(anonymous_36)
FNDA:0,(anonymous_37)
FNDA:0,(anonymous_38)
FNDA:0,(anonymous_39)
FNDA:0,(anonymous_40)
FNDA:0,(anonymous_41)
FNDA:0,(anonymous_42)
FNDA:0,(anonymous_43)
FNDA:0,(anonymous_44)
FNDA:0,(anonymous_45)
FNDA:0,(anonymous_46)
FNDA:0,(anonymous_47)
FNDA:0,(anonymous_48)
FNDA:0,(anonymous_49)
FNDA:0,(anonymous_50)
FNDA:0,(anonymous_51)
FNDA:0,(anonymous_52)
FNDA:0,(anonymous_53)
FNDA:0,(anonymous_54)
FNDA:0,(anonymous_55)
FNDA:0,(anonymous_56)
FNDA:0,(anonymous_57)
FNDA:0,(anonymous_58)
FNDA:0,(anonymous_59)
FNDA:0,(anonymous_60)
FNDA:0,(anonymous_61)
FNDA:0,(anonymous_62)
DA:86,6
DA:88,6
DA:112,0
DA:115,0
DA:116,0
DA:118,0
DA:121,0
DA:122,0
DA:123,0
DA:124,0
DA:125,0
DA:134,0
DA:135,0
DA:138,0
DA:139,0
DA:140,0
DA:141,0
DA:142,0
DA:143,0
DA:145,0
DA:166,0
DA:168,0
DA:169,0
DA:170,0
DA:171,0
DA:172,0
DA:180,0
DA:181,0
DA:182,0
DA:183,0
DA:191,0
DA:197,0
DA:202,0
DA:209,0
DA:210,0
DA:211,0
DA:212,0
DA:213,0
DA:216,0
DA:220,0
DA:221,0
DA:226,0
DA:227,0
DA:230,0
DA:235,0
DA:238,0
DA:239,0
DA:240,0
DA:241,0
DA:242,0
DA:243,0
DA:247,0
DA:269,0
DA:270,0
DA:275,0
DA:278,2
DA:281,0
DA:282,0
DA:284,0
DA:288,1
DA:290,0
DA:291,0
DA:292,0
DA:294,0
DA:295,0
DA:297,0
DA:299,0
DA:300,0
DA:301,0
DA:302,0
DA:303,0
DA:306,0
DA:307,0
DA:308,0
DA:310,0
DA:311,0
DA:313,0
DA:315,0
DA:316,0
DA:317,0
DA:318,0
DA:320,0
DA:322,0
DA:327,0
DA:328,0
DA:329,0
DA:331,0
DA:335,0
DA:341,0
DA:342,0
DA:343,0
DA:344,0
DA:349,0
DA:350,0
DA:352,0
DA:353,0
DA:354,0
DA:355,0
DA:361,0
DA:363,0
DA:370,0
DA:371,0
DA:374,0
DA:378,0
DA:379,0
DA:381,0
DA:382,0
DA:387,0
DA:388,0
DA:389,0
DA:390,0
DA:391,0
DA:392,0
DA:393,0
DA:395,0
DA:397,0
DA:402,0
DA:403,0
DA:404,0
DA:405,0
DA:406,0
DA:408,0
DA:413,0
DA:414,0
DA:417,0
DA:422,0
DA:423,0
DA:426,0
DA:431,0
DA:434,0
DA:437,0
DA:438,0
DA:439,0
DA:441,0
DA:442,0
DA:444,0
LF:136
LH:4
BRDA:116,0,0,0
BRDA:116,0,1,0
BRDA:118,1,0,0
BRDA:118,1,1,0
BRDA:118,2,0,0
BRDA:118,2,1,0
BRDA:121,3,0,0
BRDA:121,3,1,0
BRDA:121,4,0,0
BRDA:121,4,1,0
BRDA:135,5,0,0
BRDA:135,5,1,0
BRDA:139,6,0,0
BRDA:139,6,1,0
BRDA:139,7,0,0
BRDA:139,7,1,0
BRDA:141,8,0,0
BRDA:141,8,1,0
BRDA:142,9,0,0
BRDA:142,9,1,0
BRDA:181,10,0,0
BRDA:181,10,1,0
BRDA:182,11,0,0
BRDA:182,11,1,0
BRDA:185,12,0,0
BRDA:185,12,1,0
BRDA:197,13,0,0
BRDA:197,13,1,0
BRDA:211,14,0,0
BRDA:211,14,1,0
BRDA:211,15,0,0
BRDA:211,15,1,0
BRDA:227,16,0,0
BRDA:227,16,1,0
BRDA:227,17,0,0
BRDA:227,17,1,0
BRDA:235,18,0,0
BRDA:235,18,1,0
BRDA:240,19,0,0
BRDA:240,19,1,0
BRDA:240,20,0,0
BRDA:240,20,1,0
BRDA:241,21,0,0
BRDA:241,21,1,0
BRDA:242,22,0,0
BRDA:242,22,1,0
BRDA:284,23,0,0
BRDA:284,23,1,0
BRDA:288,24,0,1
BRDA:288,24,1,0
BRDA:294,25,0,0
BRDA:294,25,1,0
BRDA:301,26,0,0
BRDA:301,26,1,0
BRDA:310,27,0,0
BRDA:310,27,1,0
BRDA:317,28,0,0
BRDA:317,28,1,0
BRDA:329,29,0,0
BRDA:329,29,1,0
BRDA:349,30,0,0
BRDA:349,30,1,0
BRDA:349,31,0,0
BRDA:349,31,1,0
BRDA:354,32,0,0
BRDA:354,32,1,0
BRDA:366,33,0,0
BRDA:366,33,1,0
BRDA:367,34,0,0
BRDA:367,34,1,0
BRDA:379,35,0,0
BRDA:379,35,1,0
BRDA:381,36,0,0
BRDA:381,36,1,0
BRDA:389,37,0,0
BRDA:389,37,1,0
BRDA:391,38,0,0
BRDA:391,38,1,0
BRDA:404,39,0,0
BRDA:404,39,1,0
BRDA:406,40,0,0
BRDA:406,40,1,0
BRDA:414,41,0,0
BRDA:414,41,1,0
BRDA:423,42,0,0
BRDA:423,42,1,0
BRDA:438,43,0,0
BRDA:438,43,1,0
BRDA:441,44,0,0
BRDA:441,44,1,0
BRF:90
BRH:1
end_of_record
TN:
SF:src/utils/randomId.ts
FN:18,randomTail
FN:37,shortId
FN:48,randomInt
FNF:3
FNH:0
FNDA:0,randomTail
FNDA:0,shortId
FNDA:0,randomInt
DA:15,6
DA:16,6
DA:19,0
DA:20,0
DA:23,0
DA:28,0
DA:29,0
DA:30,0
DA:38,0
DA:49,0
DA:50,0
DA:51,0
DA:52,0
DA:53,0
DA:54,0
LF:15
LH:2
BRDA:18,0,0,0
BRDA:19,1,0,0
BRDA:19,1,1,0
BRDA:19,2,0,0
BRDA:19,2,1,0
BRDA:20,3,0,0
BRDA:20,3,1,0
BRDA:49,4,0,0
BRDA:49,4,1,0
BRDA:50,5,0,0
BRDA:50,5,1,0
BRDA:50,6,0,0
BRDA:50,6,1,0
BRDA:51,7,0,0
BRDA:51,7,1,0
BRF:15
BRH:0
end_of_record
